#-----------------------------------------------------------
# Vivado v2018.3 (64-bit)
# SW Build 2405991 on Thu Dec  6 23:36:41 MST 2018
# IP Build 2404404 on Fri Dec  7 01:43:56 MST 2018
# Start of session at: Tue Nov  9 12:11:12 2021
# Process ID: 5239
# Current directory: /media/lyjslay/SteamLib/DianSai/2021/Recieve/Recieve
# Command line: vivado
# Log file: /media/lyjslay/SteamLib/DianSai/2021/Recieve/Recieve/vivado.log
# Journal file: /media/lyjslay/SteamLib/DianSai/2021/Recieve/Recieve/vivado.jou
#-----------------------------------------------------------
start_gui
open_project /media/lyjslay/SteamLib/DianSai/2021/Recieve/Recieve/Recieve.xpr
INFO: [Project 1-313] Project file moved from 'F:/DianSai/2021/Recieve/Recieve' since last save.
Scanning sources...
Finished scanning sources
INFO: [IP_Flow 19-234] Refreshing IP repositories
INFO: [IP_Flow 19-1704] No user IP repositories specified
INFO: [IP_Flow 19-2313] Loaded Vivado IP repository '/tools/Xilinx/Vivado/2018.3/data/ip'.
update_compile_order -fileset sources_1
reset_run impl_2 -prev_step 
launch_runs impl_2 -to_step write_bitstream -jobs 6
[Tue Nov  9 12:12:08 2021] Launched impl_2...
Run output will be captured here: /media/lyjslay/SteamLib/DianSai/2021/Recieve/Recieve/Recieve.runs/impl_2/runme.log
reset_run impl_2 -prev_step 
launch_runs impl_2 -to_step write_bitstream -jobs 6
[Tue Nov  9 12:13:06 2021] Launched impl_2...
Run output will be captured here: /media/lyjslay/SteamLib/DianSai/2021/Recieve/Recieve/Recieve.runs/impl_2/runme.log
reset_run impl_2 -prev_step 
launch_runs impl_2 -to_step write_bitstream -jobs 6
[Tue Nov  9 12:13:45 2021] Launched impl_2...
Run output will be captured here: /media/lyjslay/SteamLib/DianSai/2021/Recieve/Recieve/Recieve.runs/impl_2/runme.log
