#-----------------------------------------------------------
# Vivado v2018.3 (64-bit)
# SW Build 2405991 on Thu Dec  6 23:36:41 MST 2018
# IP Build 2404404 on Fri Dec  7 01:43:56 MST 2018
# Start of session at: Tue Nov  9 19:55:39 2021
# Process ID: 7210
# Current directory: /media/lyjslay/SteamLib/DianSai/2021/Recieve/Recieve
# Command line: vivado
# Log file: /media/lyjslay/SteamLib/DianSai/2021/Recieve/Recieve/vivado.log
# Journal file: /media/lyjslay/SteamLib/DianSai/2021/Recieve/Recieve/vivado.jou
#-----------------------------------------------------------
start_gui
open_project /media/lyjslay/SteamLib/DianSai/2021/Recieve/Recieve/Recieve.xpr
Scanning sources...
Finished scanning sources
INFO: [IP_Flow 19-234] Refreshing IP repositories
INFO: [IP_Flow 19-1704] No user IP repositories specified
INFO: [IP_Flow 19-2313] Loaded Vivado IP repository '/tools/Xilinx/Vivado/2018.3/data/ip'.
update_compile_order -fileset sources_1
set_property top Recv_top [get_filesets sim_1]
set_property top_lib xil_defaultlib [get_filesets sim_1]
update_compile_order -fileset sim_1
WARNING: [IP_Flow 19-3899] Cannot get the environment domain name variable for the component vendor name. Setting the vendor name to 'user.org'.
WARNING: [IP_Flow 19-3899] Cannot get the environment domain name variable for the component vendor name. Setting the vendor name to 'user.org'.
WARNING: [IP_Flow 19-3899] Cannot get the environment domain name variable for the component vendor name. Setting the vendor name to 'user.org'.
exit
INFO: [Common 17-206] Exiting Vivado at Tue Nov  9 19:56:59 2021...
