#-----------------------------------------------------------
# Vivado v2018.3 (64-bit)
# SW Build 2405991 on Thu Dec  6 23:38:27 MST 2018
# IP Build 2404404 on Fri Dec  7 01:43:56 MST 2018
# Start of session at: Sun Nov  7 07:45:02 2021
# Process ID: 12108
# Current directory: F:/DianSai/2021/Recieve/Recieve
# Command line: vivado.exe F:\DianSai\2021\Recieve\Recieve\Recieve.xpr
# Log file: F:/DianSai/2021/Recieve/Recieve/vivado.log
# Journal file: F:/DianSai/2021/Recieve/Recieve\vivado.jou
#-----------------------------------------------------------
start_gui
open_project F:/DianSai/2021/Recieve/Recieve/Recieve.xpr
Scanning sources...
Finished scanning sources
INFO: [IP_Flow 19-234] Refreshing IP repositories
INFO: [IP_Flow 19-1704] No user IP repositories specified
INFO: [IP_Flow 19-2313] Loaded Vivado IP repository 'E:/vivado2018_3/Vivado/2018.3/data/ip'.
open_project: Time (s): cpu = 00:00:10 ; elapsed = 00:00:06 . Memory (MB): peak = 753.656 ; gain = 144.488
update_compile_order -fileset sources_1
exit
INFO: [Common 17-206] Exiting Vivado at Sun Nov  7 07:45:20 2021...
