Copyright 1986-2018 Xilinx, Inc. All Rights Reserved.
----------------------------------------------------------------------------------------------------------------------------------------------------------
| Tool Version     : Vivado v.2018.3 (win64) Build 2405991 Thu Dec  6 23:38:27 MST 2018
| Date             : Wed Nov 10 11:48:05 2021
| Host             : DESKTOP-I75IHQ5 running 64-bit major release  (build 9200)
| Command          : report_power -file Transmit_top_power_routed.rpt -pb Transmit_top_power_summary_routed.pb -rpx Transmit_top_power_routed.rpx
| Design           : Transmit_top
| Device           : xc7a100tfgg676-2
| Design State     : routed
| Grade            : commercial
| Process          : typical
| Characterization : Production
----------------------------------------------------------------------------------------------------------------------------------------------------------

Power Report

Table of Contents
-----------------
1. Summary
1.1 On-Chip Components
1.2 Power Supply Summary
1.3 Confidence Level
2. Settings
2.1 Environment
2.2 Clock Constraints
3. Detailed Reports
3.1 By Hierarchy

1. Summary
----------

+--------------------------+--------------+
| Total On-Chip Power (W)  | 0.264        |
| Design Power Budget (W)  | Unspecified* |
| Power Budget Margin (W)  | NA           |
| Dynamic (W)              | 0.167        |
| Device Static (W)        | 0.097        |
| Effective TJA (C/W)      | 2.6          |
| Max Ambient (C)          | 84.3         |
| Junction Temperature (C) | 25.7         |
| Confidence Level         | Low          |
| Setting File             | ---          |
| Simulation Activity File | ---          |
| Design Nets Matched      | NA           |
+--------------------------+--------------+
* Specify Design Power Budget using, set_operating_conditions -design_power_budget <value in Watts>


1.1 On-Chip Components
----------------------

+-------------------------+-----------+----------+-----------+-----------------+
| On-Chip                 | Power (W) | Used     | Available | Utilization (%) |
+-------------------------+-----------+----------+-----------+-----------------+
| Clocks                  |     0.004 |        6 |       --- |             --- |
| Slice Logic             |     0.001 |      902 |       --- |             --- |
|   LUT as Logic          |     0.001 |      366 |     63400 |            0.58 |
|   Register              |    <0.001 |      380 |    126800 |            0.30 |
|   CARRY4                |    <0.001 |       34 |     15850 |            0.21 |
|   LUT as Shift Register |    <0.001 |        1 |     19000 |           <0.01 |
|   Others                |     0.000 |       26 |       --- |             --- |
| Signals                 |     0.002 |      712 |       --- |             --- |
| Block RAM               |     0.005 |        2 |       135 |            1.48 |
| MMCM                    |     0.105 |        1 |         6 |           16.67 |
| I/O                     |     0.048 |       52 |       300 |           17.33 |
| Static Power            |     0.097 |          |           |                 |
| Total                   |     0.264 |          |           |                 |
+-------------------------+-----------+----------+-----------+-----------------+


1.2 Power Supply Summary
------------------------

+-----------+-------------+-----------+-------------+------------+
| Source    | Voltage (V) | Total (A) | Dynamic (A) | Static (A) |
+-----------+-------------+-----------+-------------+------------+
| Vccint    |       1.000 |     0.028 |       0.013 |      0.015 |
| Vccaux    |       1.800 |     0.078 |       0.060 |      0.018 |
| Vcco33    |       3.300 |     0.018 |       0.014 |      0.004 |
| Vcco25    |       2.500 |     0.000 |       0.000 |      0.000 |
| Vcco18    |       1.800 |     0.000 |       0.000 |      0.000 |
| Vcco15    |       1.500 |     0.000 |       0.000 |      0.000 |
| Vcco135   |       1.350 |     0.000 |       0.000 |      0.000 |
| Vcco12    |       1.200 |     0.000 |       0.000 |      0.000 |
| Vccaux_io |       1.800 |     0.000 |       0.000 |      0.000 |
| Vccbram   |       1.000 |     0.001 |       0.000 |      0.000 |
| MGTAVcc   |       1.000 |     0.000 |       0.000 |      0.000 |
| MGTAVtt   |       1.200 |     0.000 |       0.000 |      0.000 |
| Vccadc    |       1.800 |     0.020 |       0.000 |      0.020 |
+-----------+-------------+-----------+-------------+------------+


1.3 Confidence Level
--------------------

+-----------------------------+------------+--------------------------------------------------------+------------------------------------------------------------------------------------------------------------+
| User Input Data             | Confidence | Details                                                | Action                                                                                                     |
+-----------------------------+------------+--------------------------------------------------------+------------------------------------------------------------------------------------------------------------+
| Design implementation state | High       | Design is routed                                       |                                                                                                            |
| Clock nodes activity        | High       | User specified more than 95% of clocks                 |                                                                                                            |
| I/O nodes activity          | Low        | More than 75% of inputs are missing user specification | Provide missing input activity with simulation results or by editing the "By Resource Type -> I/Os" view   |
| Internal nodes activity     | Medium     | User specified less than 25% of internal nodes         | Provide missing internal nodes activity with simulation results or by editing the "By Resource Type" views |
| Device models               | High       | Device models are Production                           |                                                                                                            |
|                             |            |                                                        |                                                                                                            |
| Overall confidence level    | Low        |                                                        |                                                                                                            |
+-----------------------------+------------+--------------------------------------------------------+------------------------------------------------------------------------------------------------------------+


2. Settings
-----------

2.1 Environment
---------------

+-----------------------+--------------------------+
| Ambient Temp (C)      | 25.0                     |
| ThetaJA (C/W)         | 2.6                      |
| Airflow (LFM)         | 250                      |
| Heat Sink             | medium (Medium Profile)  |
| ThetaSA (C/W)         | 4.6                      |
| Board Selection       | medium (10"x10")         |
| # of Board Layers     | 12to15 (12 to 15 Layers) |
| Board Temperature (C) | 25.0                     |
+-----------------------+--------------------------+


2.2 Clock Constraints
---------------------

+--------------------+-----------------------------------------------+-----------------+
| Clock              | Domain                                        | Constraint (ns) |
+--------------------+-----------------------------------------------+-----------------+
| clk_out1_clk_wiz_0 | u_clk_gen/pll_clk_gen/inst/clk_out1_clk_wiz_0 |             8.0 |
| clkfbout_clk_wiz_0 | u_clk_gen/pll_clk_gen/inst/clkfbout_clk_wiz_0 |            20.0 |
| sys_clk            | sys_clk                                       |            20.0 |
| sys_clk            | sys_clk_IBUF_BUFG                             |            20.0 |
+--------------------+-----------------------------------------------+-----------------+


3. Detailed Reports
-------------------

3.1 By Hierarchy
----------------

+------------------------+-----------+
| Name                   | Power (W) |
+------------------------+-----------+
| Transmit_top           |     0.167 |
|   u_AM                 |     0.011 |
|     your_instance_name |     0.009 |
|       U0               |     0.009 |
|   u_clk_gen            |     0.106 |
|     pll_clk_gen        |     0.106 |
|       inst             |     0.106 |
+------------------------+-----------+


