#
# A fatal error has been detected by the Java Runtime Environment:
#
#  EXCEPTION_ACCESS_VIOLATION (0xc0000005) at pc=0x00007ffc5923dd51, pid=3096, tid=536
#
# JRE version: Java(TM) SE Runtime Environment (9.0+11) (build 9.0.4+11)
# Java VM: Java HotSpot(TM) 64-Bit Server VM (9.0.4+11, mixed mode, tiered, compressed oops, g1 gc, windows-amd64)
# Problematic frame:
# C  0x00007ffc5923dd51
#
# No core dump will be written. Minidumps are not enabled by default on client versions of Windows
#
# If you would like to submit a bug report, please visit:
#   http://bugreport.java.com/bugreport/crash.jsp
# The crash happened outside the Java Virtual Machine in native code.
# See problematic frame for where to report the bug.
#

---------------  S U M M A R Y ------------

Command Line: -Dsun.java2d.pmoffscreen=false -Dsun.java2d.xrender=false -Dsun.java2d.d3d=false -Dsun.awt.nopixfmt=true -Dsun.java2d.dpiaware=true -Dsun.java2d.uiScale.enabled=false -Xverify:none -Dswing.aatext=true -XX:-UsePerfData -Djdk.map.althashing.threshold=512 -XX:StringTableSize=4072 --add-opens=java.base/java.nio=ALL-UNNAMED --add-opens=java.desktop/sun.swing=ALL-UNNAMED --add-opens=java.desktop/javax.swing=ALL-UNNAMED --add-opens=java.desktop/javax.swing.tree=ALL-UNNAMED --add-opens=java.desktop/javax.swing.plaf.basic=ALL-UNNAMED --add-opens=java.desktop/javax.swing.plaf.synth=ALL-UNNAMED --add-opens=java.desktop/com.sun.awt=ALL-UNNAMED -XX:NewSize=60m -XX:MaxNewSize=60m -Xms128m -Xmx3072m -Xss5m 

Host: Intel(R) Core(TM) i5-9400F CPU @ 2.90GHz, 6 cores, 15G,  Windows 10 , 64 bit Build 19041 (10.0.19041.1202)
Time: Fri Nov 05 10:34:10 2021 ?D1¨²¡À¨º¡Á?¨º¡À?? elapsed time: 9696 seconds (0d 2h 41m 36s)

---------------  T H R E A D  ---------------

Current thread (0x00000213f1f7f000):  JavaThread "AWT-EventQueue-1" [_thread_in_native, id=536, stack(0x000000f1d7300000,0x000000f1d7800000)]

Stack: [0x000000f1d7300000,0x000000f1d7800000],  sp=0x000000f1d77f3050,  free space=5068k
Native frames: (J=compiled Java code, j=interpreted, Vv=VM code, C=native code)

Java frames: (J=compiled Java code, j=interpreted, Vv=VM code)
J 18776  ui.data.labtools.lthwdatai.HWDevice_getStatus(J)Ljava/lang/String; (0 bytes) @ 0x00000213df991b21 [0x00000213df991ae0+0x0000000000000041]
j  ui.data.labtools.d.cC()Ljava/lang/String;+4
j  ui.b.t.ag.cRv()V+70
j  ui.b.t.ag.av(Lui/data/bp;)V+13
j  ui.b.c.bK.ax(Lui/data/bp;)V+7
j  ui.b.c.bk.ax(Lui/data/bp;)V+32
j  ui.views.cx.ax(Lui/data/bp;)V+5
j  ui.views.cx.display()V+107
j  ui.views.cx.fed()V+52
J 27636 c1 ui.views.p.g.fxe()V (181 bytes) @ 0x00000213d870123c [0x00000213d86ff160+0x00000000000020dc]
J 27597 c2 ui.views.p.g.a(Lui/frmwork/b/a;)V (617 bytes) @ 0x00000213e01e4534 [0x00000213e01e21e0+0x0000000000002354]
J 22539 c2 ui.frmwork.b.c.g(Lui/frmwork/b/a;)V (94 bytes) @ 0x00000213df33c01c [0x00000213df33bea0+0x000000000000017c]
J 17637 c1 ui.frmwork.b.c.b(Lui/frmwork/b/a;)V (64 bytes) @ 0x00000213d767de3c [0x00000213d767da00+0x000000000000043c]
J 18641 c1 ui.project.r.b(Lui/frmwork/b/a;)V (9 bytes) @ 0x00000213d9453814 [0x00000213d94531e0+0x0000000000000634]
j  ui.data.design.o.a(Lui/frmwork/b/i;)V+855
J 22626 c2 ui.frmwork.b.l.d(Lui/frmwork/b/i;)V (61 bytes) @ 0x00000213df3fe8bc [0x00000213df3fe6c0+0x00000000000001fc]
J 22625 c2 ui.frmwork.HTclEventBroker.i(JZ)V (471 bytes) @ 0x00000213df5f0e74 [0x00000213df5ef9a0+0x00000000000014d4]
J 27813 c2 ui.frmwork.HTclEventBroker$$Lambda$201.run()V (12 bytes) @ 0x00000213dfd0de68 [0x00000213dfd0de20+0x0000000000000048]
J 13275 c2 java.awt.EventQueue$3.run()Ljava/lang/Object; java.desktop@9.0.4 (5 bytes) @ 0x00000213df2ade64 [0x00000213df2ad680+0x00000000000007e4]
v  ~StubRoutines::call_stub
J 2937  java.security.AccessController.doPrivileged(Ljava/security/PrivilegedAction;Ljava/security/AccessControlContext;)Ljava/lang/Object; java.base@9.0.4 (0 bytes) @ 0x00000213dea1acc6 [0x00000213dea1ac60+0x0000000000000066]
J 13152 c2 ui.frmwork.b.d.dispatchEvent(Ljava/awt/AWTEvent;)V (34 bytes) @ 0x00000213df25c68c [0x00000213df25c120+0x000000000000056c]
J 24834 c2 java.awt.EventDispatchThread.pumpOneEventForFilters(I)V java.desktop@9.0.4 (218 bytes) @ 0x00000213dfed8f54 [0x00000213dfed8c80+0x00000000000002d4]
J 21701 c2 java.awt.EventDispatchThread.pumpEventsForFilter(ILjava/awt/Conditional;Ljava/awt/EventFilter;)V java.desktop@9.0.4 (47 bytes) @ 0x00000213dfc7f670 [0x00000213dfc7f4c0+0x00000000000001b0]
j  java.awt.EventDispatchThread.pumpEventsForFilter(Ljava/awt/Conditional;Ljava/awt/EventFilter;)V+4 java.desktop@9.0.4
j  java.awt.WaitDispatchSupport$2.run()V+59 java.desktop@9.0.4
j  java.awt.WaitDispatchSupport$4.run()Ljava/lang/Void;+4 java.desktop@9.0.4
j  java.awt.WaitDispatchSupport$4.run()Ljava/lang/Object;+1 java.desktop@9.0.4
v  ~StubRoutines::call_stub
J 934  java.security.AccessController.doPrivileged(Ljava/security/PrivilegedAction;)Ljava/lang/Object; java.base@9.0.4 (0 bytes) @ 0x00000213de8da9b2 [0x00000213de8da960+0x0000000000000052]
j  java.awt.WaitDispatchSupport.enter()Z+260 java.desktop@9.0.4
j  java.awt.Dialog.show()V+225 java.desktop@9.0.4
J 27777 c1 java.awt.Window.setVisible(Z)V java.desktop@9.0.4 (6 bytes) @ 0x00000213d7ec4f04 [0x00000213d7ec4ce0+0x0000000000000224]
j  java.awt.Dialog.setVisible(Z)V+2 java.desktop@9.0.4
j  ui.b.c.g.setVisible(Z)V+2
j  ui.b.c.bx.showDialog()V+64
j  ui.b.c.bE.actionPerformed(Ljava/awt/event/ActionEvent;)V+8
j  ui.b.c.bx.cHE()V+396
j  ui.data.experiment.y.a(Ljava/util/ArrayList;Lui/views/S/u;)V+37
j  ui.data.experiment.y.a(Lui/views/cn;Ljava/awt/Component;Ljava/util/ArrayList;Ljava/lang/String;ZLjava/lang/String;ZZZZZZLui/data/experiment/J;)V+242
j  ui.views.G.e.Jw(I)V+232
j  ui.views.G.e.a(Lui/views/G/e;I)V+2
j  ui.views.G.g.b(I)V+5
j  ui.b.o.t.b(I)V+27
j  ui.b.c.bx.y()V+200
j  ui.b.c.bG.finished()V+4
J 25270 c2 ui.frmwork.x.run()V (15 bytes) @ 0x00000213dff8596c [0x00000213dff85540+0x000000000000042c]
J 13275 c2 java.awt.EventQueue$3.run()Ljava/lang/Object; java.desktop@9.0.4 (5 bytes) @ 0x00000213df2adbcc [0x00000213df2ad680+0x000000000000054c]
v  ~StubRoutines::call_stub
J 2937  java.security.AccessController.doPrivileged(Ljava/security/PrivilegedAction;Ljava/security/AccessControlContext;)Ljava/lang/Object; java.base@9.0.4 (0 bytes) @ 0x00000213dea1acc6 [0x00000213dea1ac60+0x0000000000000066]
J 13152 c2 ui.frmwork.b.d.dispatchEvent(Ljava/awt/AWTEvent;)V (34 bytes) @ 0x00000213df25c68c [0x00000213df25c120+0x000000000000056c]
J 24834 c2 java.awt.EventDispatchThread.pumpOneEventForFilters(I)V java.desktop@9.0.4 (218 bytes) @ 0x00000213dfed8f54 [0x00000213dfed8c80+0x00000000000002d4]
J 21701 c2 java.awt.EventDispatchThread.pumpEventsForFilter(ILjava/awt/Conditional;Ljava/awt/EventFilter;)V java.desktop@9.0.4 (47 bytes) @ 0x00000213dfc7f670 [0x00000213dfc7f4c0+0x00000000000001b0]
j  java.awt.EventDispatchThread.pumpEventsForFilter(Ljava/awt/Conditional;Ljava/awt/EventFilter;)V+4 java.desktop@9.0.4
j  java.awt.WaitDispatchSupport$2.run()V+59 java.desktop@9.0.4
j  java.awt.WaitDispatchSupport$4.run()Ljava/lang/Void;+4 java.desktop@9.0.4
j  java.awt.WaitDispatchSupport$4.run()Ljava/lang/Object;+1 java.desktop@9.0.4
v  ~StubRoutines::call_stub
J 934  java.security.AccessController.doPrivileged(Ljava/security/PrivilegedAction;)Ljava/lang/Object; java.base@9.0.4 (0 bytes) @ 0x00000213de8da9b2 [0x00000213de8da960+0x0000000000000052]
j  java.awt.WaitDispatchSupport.enter()Z+260 java.desktop@9.0.4
j  java.awt.Dialog.show()V+225 java.desktop@9.0.4
J 27777 c1 java.awt.Window.setVisible(Z)V java.desktop@9.0.4 (6 bytes) @ 0x00000213d7ec4f04 [0x00000213d7ec4ce0+0x0000000000000224]
j  java.awt.Dialog.setVisible(Z)V+2 java.desktop@9.0.4
j  ui.b.c.g.setVisible(Z)V+2
j  ui.b.c.bx.showDialog()V+64
j  ui.b.c.bE.actionPerformed(Ljava/awt/event/ActionEvent;)V+8
j  ui.b.c.bx.cHE()V+396
j  ui.b.o.t.a(Ljava/awt/Component;Lui/project/r;Ljava/util/Collection;ZLui/frmwork/T;)V+28
j  ui.views.G.e.fUG()V+107
j  ui.views.G.e.i(Lui/views/G/e;)V+1
j  ui.views.G.f.run()V+303
j  ui.views.S.X.a(Ljava/lang/String;ZLjava/lang/Runnable;Ljava/lang/Runnable;)Z+252
j  ui.views.S.X.a(Ljava/lang/String;Ljava/lang/Runnable;Ljava/lang/Runnable;)Z+5
j  ui.views.S.X.b(Ljava/lang/String;Ljava/lang/Runnable;)Z+4
j  ui.views.G.e.dgQ()V+949
j  ui.views.G.e.run()V+1
j  ui.views.G.c.b(Lui/views/G/c;)V+1
j  ui.views.G.c.dk(Ljava/util/ArrayList;)V+57
j  ui.views.G.c.run()V+302
j  ui.frmwork.a.dTt()Z+66
j  ui.views.S.b.k.Q(Lui/views/S/u;)V+41
j  ui.views.S.b.x.mouseReleased(Ljava/awt/event/MouseEvent;)V+92
J 24165 c1 java.awt.AWTEventMulticaster.mouseReleased(Ljava/awt/event/MouseEvent;)V java.desktop@9.0.4 (27 bytes) @ 0x00000213da18cf44 [0x00000213da18cb80+0x00000000000003c4]
J 24165 c1 java.awt.AWTEventMulticaster.mouseReleased(Ljava/awt/event/MouseEvent;)V java.desktop@9.0.4 (27 bytes) @ 0x00000213da18cd8c [0x00000213da18cb80+0x000000000000020c]
J 24165 c1 java.awt.AWTEventMulticaster.mouseReleased(Ljava/awt/event/MouseEvent;)V java.desktop@9.0.4 (27 bytes) @ 0x00000213da18cd8c [0x00000213da18cb80+0x000000000000020c]
J 24165 c1 java.awt.AWTEventMulticaster.mouseReleased(Ljava/awt/event/MouseEvent;)V java.desktop@9.0.4 (27 bytes) @ 0x00000213da18cd8c [0x00000213da18cb80+0x000000000000020c]
J 14610 c1 java.awt.Component.processMouseEvent(Ljava/awt/event/MouseEvent;)V java.desktop@9.0.4 (100 bytes) @ 0x00000213d9680534 [0x00000213d96801a0+0x0000000000000394]
J 14609 c1 javax.swing.JComponent.processMouseEvent(Ljava/awt/event/MouseEvent;)V java.desktop@9.0.4 (27 bytes) @ 0x00000213d967fcec [0x00000213d967fae0+0x000000000000020c]
J 22875 c2 java.awt.Component.processEvent(Ljava/awt/AWTEvent;)V java.desktop@9.0.4 (220 bytes) @ 0x00000213df62d294 [0x00000213df62d1a0+0x00000000000000f4]
J 15816 c1 ui.utils.o.x.L.processEvent(Ljava/awt/AWTEvent;)V (76 bytes) @ 0x00000213d830128c [0x00000213d82ff760+0x0000000000001b2c]
J 28201 c2 java.awt.Component.dispatchEventImpl(Ljava/awt/AWTEvent;)V java.desktop@9.0.4 (739 bytes) @ 0x00000213e01f5a80 [0x00000213e01f4d40+0x0000000000000d40]
J 24855 c2 java.awt.Container.dispatchEventImpl(Ljava/awt/AWTEvent;)V java.desktop@9.0.4 (129 bytes) @ 0x00000213dfedd618 [0x00000213dfedd5c0+0x0000000000000058]
J 24731 c2 java.awt.LightweightDispatcher.retargetMouseEvent(Ljava/awt/Component;ILjava/awt/event/MouseEvent;)V java.desktop@9.0.4 (350 bytes) @ 0x00000213dfebafec [0x00000213dfebaa40+0x00000000000005ac]
J 24729 c2 java.awt.LightweightDispatcher.processMouseEvent(Ljava/awt/event/MouseEvent;)Z java.desktop@9.0.4 (265 bytes) @ 0x00000213dfeb8cc4 [0x00000213dfeb8560+0x0000000000000764]
J 24855 c2 java.awt.Container.dispatchEventImpl(Ljava/awt/AWTEvent;)V java.desktop@9.0.4 (129 bytes) @ 0x00000213dfedda14 [0x00000213dfedd5c0+0x0000000000000454]
J 25474 c2 java.awt.Window.dispatchEventImpl(Ljava/awt/AWTEvent;)V java.desktop@9.0.4 (23 bytes) @ 0x00000213dffe158c [0x00000213dffe1540+0x000000000000004c]
J 13275 c2 java.awt.EventQueue$3.run()Ljava/lang/Object; java.desktop@9.0.4 (5 bytes) @ 0x00000213df2adc70 [0x00000213df2ad680+0x00000000000005f0]
v  ~StubRoutines::call_stub
J 2937  java.security.AccessController.doPrivileged(Ljava/security/PrivilegedAction;Ljava/security/AccessControlContext;)Ljava/lang/Object; java.base@9.0.4 (0 bytes) @ 0x00000213dea1acc6 [0x00000213dea1ac60+0x0000000000000066]
J 16695 c2 java.awt.EventQueue$4.run()Ljava/lang/Object; java.desktop@9.0.4 (5 bytes) @ 0x00000213df84b440 [0x00000213df84b1e0+0x0000000000000260]
v  ~StubRoutines::call_stub
J 2937  java.security.AccessController.doPrivileged(Ljava/security/PrivilegedAction;Ljava/security/AccessControlContext;)Ljava/lang/Object; java.base@9.0.4 (0 bytes) @ 0x00000213dea1acc6 [0x00000213dea1ac60+0x0000000000000066]
J 13152 c2 ui.frmwork.b.d.dispatchEvent(Ljava/awt/AWTEvent;)V (34 bytes) @ 0x00000213df25c4b4 [0x00000213df25c120+0x0000000000000394]
J 24834 c2 java.awt.EventDispatchThread.pumpOneEventForFilters(I)V java.desktop@9.0.4 (218 bytes) @ 0x00000213dfed8f54 [0x00000213dfed8c80+0x00000000000002d4]
J 21687% c2 java.awt.EventDispatchThread.pumpEventsForFilter(ILjava/awt/Conditional;Ljava/awt/EventFilter;)V java.desktop@9.0.4 (47 bytes) @ 0x00000213dfc6c458 [0x00000213dfc6c340+0x0000000000000118]
j  java.awt.EventDispatchThread.pumpEventsForHierarchy(ILjava/awt/Conditional;Ljava/awt/Component;)V+11 java.desktop@9.0.4
j  java.awt.EventDispatchThread.pumpEvents(ILjava/awt/Conditional;)V+4 java.desktop@9.0.4
j  java.awt.EventDispatchThread.pumpEvents(Ljava/awt/Conditional;)V+3 java.desktop@9.0.4
j  java.awt.EventDispatchThread.run()V+9 java.desktop@9.0.4
v  ~StubRoutines::call_stub

siginfo: EXCEPTION_ACCESS_VIOLATION (0xc0000005), reading address 0xffffffffffffffff


Register to memory mapping:

RIP=0x00007ffc5923dd51 is an unknown value
RAX=0x000000f1d77f30e8 is pointing into the stack for thread: 0x00000213f1f7f000
RBX=0x000002138228eb60 is an unknown value
RCX=0x00000213f3e4bee0 is an unknown value
RDX=0x000000000000002b is an unknown value
RSP=0x000000f1d77f3050 is pointing into the stack for thread: 0x00000213f1f7f000
RBP=0x0000000000000000 is an unknown value
RSI=0x00000213f3e4bee0 is an unknown value
RDI=0xb44001b80b0b0e24 is an unknown value
R8 =0x0000000000000000 is an unknown value
R9 =0x0000000000000000 is an unknown value
R10=0x0000000000008000 is an unknown value
R11=0x000000f1d77f3040 is pointing into the stack for thread: 0x00000213f1f7f000
R12=0x0000000000000000 is an unknown value
R13=0x000000f1d77f32b0 is pointing into the stack for thread: 0x00000213f1f7f000
R14=0x0000000000000000 is an unknown value
R15=0x00000213f1f7f000 is a thread


Registers:
RAX=0x000000f1d77f30e8, RBX=0x000002138228eb60, RCX=0x00000213f3e4bee0, RDX=0x000000000000002b
RSP=0x000000f1d77f3050, RBP=0x0000000000000000, RSI=0x00000213f3e4bee0, RDI=0xb44001b80b0b0e24
R8 =0x0000000000000000, R9 =0x0000000000000000, R10=0x0000000000008000, R11=0x000000f1d77f3040
R12=0x0000000000000000, R13=0x000000f1d77f32b0, R14=0x0000000000000000, R15=0x00000213f1f7f000
RIP=0x00007ffc5923dd51, EFLAGS=0x0000000000010206

Top of Stack: (sp=0x000000f1d77f3050)
0x000000f1d77f3050:   000000f1d77f30e8 000000f1d77f30e8
0x000000f1d77f3060:   000000f1d77f3290 00000213f1f7f218
0x000000f1d77f3070:   fffffffffffffffe 00656c62616d6d61
0x000000f1d77f3080:   0000000000000000 0000021380493590
0x000000f1d77f3090:   00000213f1f7f218 00007ffc5927e57d
0x000000f1d77f30a0:   0000021380493590 00007ffc0000002b
0x000000f1d77f30b0:   000000f1d77f3290 00000213deb4dbe0
0x000000f1d77f30c0:   fffffffffffffffe 00000213ded875b8
0x000000f1d77f30d0:   000000f1d77f31a0 00007ffc5bb68eb8
0x000000f1d77f30e0:   000000f10000002b 000002130000002b
0x000000f1d77f30f0:   0000000706304158 e024a74900000000
0x000000f1d77f3100:   0000000700000001 fffffffffffffffe
0x000000f1d77f3110:   00000007141d29d0 00007ffc5bd94b07
0x000000f1d77f3120:   00000213f88b9998 000000f1d77f31a0
0x000000f1d77f3130:   0000000706302988 0000000706304148
0x000000f1d77f3140:   00000213f1f7f218 fffffffffffffffe 

Instructions: (pc=0x00007ffc5923dd51)
0x00007ffc5923dd31:   fe ff ff ff 48 89 5c 24 50 48 89 6c 24 60 41 0f
0x00007ffc5923dd41:   b6 e9 45 8b f0 48 8b f1 48 8b 59 08 48 8b 7b 08
0x00007ffc5923dd51:   80 7f 19 00 75 2d 66 0f 1f 84 00 00 00 00 00 48
0x00007ffc5923dd61:   8d 4f 20 48 8d 54 24 58 e8 82 97 ff ff 84 c0 74 



---------------  P R O C E S S  ---------------

Java Threads: ( => current thread )
  0x00000213f344a000 JavaThread "Starting Design Runs" [_thread_blocked, id=1608, stack(0x000000f1dbd00000,0x000000f1dc200000)]
  0x000002142ff64800 JavaThread "Thread-7253" [_thread_in_native, id=5732, stack(0x000000f1db200000,0x000000f1db300000)]
  0x000002142ff64000 JavaThread "Thread-7201" [_thread_in_native, id=11124, stack(0x000000f1dac00000,0x000000f1dad00000)]
  0x000002142ff59800 JavaThread "Thread-7181" [_thread_in_native, id=3704, stack(0x000000f1dab00000,0x000000f1dac00000)]
  0x000002142ff5e800 JavaThread "Thread-6210" [_thread_in_native, id=10956, stack(0x000000f1dab00000,0x000000f1dac00000)]
  0x000002142ff56800 JavaThread "Thread-6188" [_thread_in_native, id=9900, stack(0x000000f1dab00000,0x000000f1dac00000)]
  0x000002142ff5b800 JavaThread "Thread-5916" [_thread_in_native, id=5288, stack(0x000000f1daa00000,0x000000f1dab00000)]
  0x000002142ff5b000 JavaThread "Image Animator 3" daemon [_thread_blocked, id=10512, stack(0x000000f1dc700000,0x000000f1dcc00000)]
  0x000002142ff5d000 JavaThread "Monitor File Timestamp Swing Worker" [_thread_blocked, id=11960, stack(0x000000f1dc200000,0x000000f1dc700000)]
  0x000002142ff5c800 JavaThread "Timer-0" [_thread_blocked, id=4896, stack(0x000000f1db800000,0x000000f1dbd00000)]
  0x000002142ff57000 JavaThread "Thread-5884" [_thread_in_native, id=6492, stack(0x000000f1db800000,0x000000f1db900000)]
  0x00000213ceffe000 JavaThread "Thread-5875" [_thread_in_native, id=11800, stack(0x000000f1db000000,0x000000f1db100000)]
  0x00000213f344a800 JavaThread "Thread-5837" [_thread_in_native, id=9000, stack(0x000000f1dbe00000,0x000000f1dbf00000)]
  0x0000021381bac000 JavaThread "Thread-4239" [_thread_in_native, id=8896, stack(0x000000f1cff00000,0x000000f1d0000000)]
  0x00000213f3446000 JavaThread "SyntheticaAnimation 50" daemon [_thread_blocked, id=5064, stack(0x000000f1d9400000,0x000000f1d9900000)]
  0x00000213f3447000 JavaThread "hw_ila_monitor" [_thread_blocked, id=10028, stack(0x000000f1d9f00000,0x000000f1da400000)]
  0x00000213f343e800 JavaThread "Update Runs Swing Worker" [_thread_blocked, id=9996, stack(0x000000f1d7800000,0x000000f1d7d00000)]
  0x00000213f3445800 JavaThread "Refresh Filesets Swing Worker" [_thread_blocked, id=11920, stack(0x000000f1d6400000,0x000000f1d6900000)]
  0x00000213cefff800 JavaThread "SyntheticaAnimation 70" daemon [_thread_blocked, id=10396, stack(0x000000f1d9900000,0x000000f1d9e00000)]
  0x00000213ceffa800 JavaThread "SyntheticaAnimation 25" daemon [_thread_blocked, id=10332, stack(0x000000f1d8f00000,0x000000f1d9400000)]
  0x00000213ceffc800 JavaThread "SyntheticaAnimation 50" daemon [_thread_blocked, id=10336, stack(0x000000f1d8a00000,0x000000f1d8f00000)]
  0x00000213cf001000 JavaThread "Monitor HEventQueue" [_thread_blocked, id=10340, stack(0x000000f1d8500000,0x000000f1d8a00000)]
  0x00000213ceffd800 JavaThread "Batik CleanerThread" daemon [_thread_blocked, id=8300, stack(0x000000f1d7d00000,0x000000f1d8200000)]
  0x00000213ceffc000 JavaThread "SyntheticaCleanerThread" daemon [_thread_blocked, id=532, stack(0x000000f1d5500000,0x000000f1d5a00000)]
=>0x00000213f1f7f000 JavaThread "AWT-EventQueue-1" [_thread_in_native, id=536, stack(0x000000f1d7300000,0x000000f1d7800000)]
  0x00000213f1f7e800 JavaThread "AWT-Shutdown" [_thread_blocked, id=7060, stack(0x000000f1d6e00000,0x000000f1d7300000)]
  0x00000213f1bea800 JavaThread "Process Messages" [_thread_blocked, id=6728, stack(0x000000f1d6900000,0x000000f1d6e00000)]
  0x00000213cf9d1000 JavaThread "Thread-1" [_thread_in_native, id=5236, stack(0x000000f1d0100000,0x000000f1d1500000)]
  0x00000213f1b0d800 JavaThread "TimerQueue" daemon [_thread_blocked, id=4076, stack(0x000000f1d5f00000,0x000000f1d6400000)]
  0x00000213cf781800 JavaThread "AWT-Windows" daemon [_thread_in_native, id=7948, stack(0x000000f1d5a00000,0x000000f1d5f00000)]
  0x00000213cf6ca800 JavaThread "Java2D Disposer" daemon [_thread_blocked, id=7964, stack(0x000000f1d5000000,0x000000f1d5500000)]
  0x00000213cb87e000 JavaThread "Service Thread" daemon [_thread_blocked, id=9392, stack(0x000000f1d4a00000,0x000000f1d4f00000)]
  0x00000213cbffb000 JavaThread "Common-Cleaner" daemon [_thread_blocked, id=11084, stack(0x000000f1d4500000,0x000000f1d4a00000)]
  0x00000213cefff000 JavaThread "Sweeper thread" daemon [_thread_blocked, id=7276, stack(0x000000f1d4000000,0x000000f1d4500000)]
  0x00000213ccf47800 JavaThread "C1 CompilerThread2" daemon [_thread_blocked, id=7244, stack(0x000000f1d3f00000,0x000000f1d4000000)]
  0x00000213cae22800 JavaThread "C2 CompilerThread1" daemon [_thread_blocked, id=3788, stack(0x000000f1d3e00000,0x000000f1d3f00000)]
  0x00000213cae21800 JavaThread "C2 CompilerThread0" daemon [_thread_blocked, id=1624, stack(0x000000f1d3d00000,0x000000f1d3e00000)]
  0x00000213cde14000 JavaThread "Attach Listener" daemon [_thread_blocked, id=1824, stack(0x000000f1d3800000,0x000000f1d3d00000)]
  0x00000213cb7ef000 JavaThread "Signal Dispatcher" daemon [_thread_blocked, id=1924, stack(0x000000f1d3300000,0x000000f1d3800000)]
  0x00000213cb29e000 JavaThread "Finalizer" daemon [_thread_blocked, id=1764, stack(0x000000f1d2e00000,0x000000f1d3300000)]
  0x00000213cddc8800 JavaThread "Reference Handler" daemon [_thread_blocked, id=1656, stack(0x000000f1d2900000,0x000000f1d2e00000)]
  0x00000213cae12800 JavaThread "main" [_thread_blocked, id=1488, stack(0x000000f1d1700000,0x000000f1d1800000)]

Other Threads:
  0x00000213ca9a0800 VMThread "VM Thread" [stack: 0x000000f1d2800000,0x000000f1d2900000] [id=1776]
  0x00000213cc34c800 WatcherThread [stack: 0x000000f1d4f00000,0x000000f1d5000000] [id=8116]
  0x00000213cd374800 GCTaskThread "GC Thread#0" [stack: 0x000000f1d1800000,0x000000f1d1900000] [id=8924]
  0x00000213cabaf000 GCTaskThread "GC Thread#1" [stack: 0x000000f1d1900000,0x000000f1d1a00000] [id=8936]
  0x00000213cabfb800 GCTaskThread "GC Thread#2" [stack: 0x000000f1d1a00000,0x000000f1d1b00000] [id=11088]
  0x00000213cbaa1800 GCTaskThread "GC Thread#3" [stack: 0x000000f1d1b00000,0x000000f1d1c00000] [id=1348]
  0x00000213cb89b000 GCTaskThread "GC Thread#4" [stack: 0x000000f1d1c00000,0x000000f1d1d00000] [id=1352]
  0x00000213cc99a000 GCTaskThread "GC Thread#5" [stack: 0x000000f1d1d00000,0x000000f1d1e00000] [id=1436]
  0x00000213cb89f000 ConcurrentGCThread "G1 Main Marker" [stack: 0x000000f1d2500000,0x000000f1d2600000] [id=11200]
  0x00000213cbf6a000 ConcurrentGCThread "G1 Marker#0" [stack: 0x000000f1d2600000,0x000000f1d2700000] [id=11464]
  0x00000213cc03b800 ConcurrentGCThread "G1 Marker#1" [stack: 0x000000f1d2700000,0x000000f1d2800000] [id=1920]
  0x00000213cc350800 ConcurrentGCThread "G1 Refine#0" [stack: 0x000000f1d2300000,0x000000f1d2400000] [id=8028]
  0x00000213cb9f4000 ConcurrentGCThread "G1 Refine#1" [stack: 0x000000f1d2200000,0x000000f1d2300000] [id=1528]
  0x00000213cb9f3800 ConcurrentGCThread "G1 Refine#2" [stack: 0x000000f1d2100000,0x000000f1d2200000] [id=11180]
  0x00000213cbd86800 ConcurrentGCThread "G1 Refine#3" [stack: 0x000000f1d2000000,0x000000f1d2100000] [id=1344]
  0x00000213cb881800 ConcurrentGCThread "G1 Refine#4" [stack: 0x000000f1d1f00000,0x000000f1d2000000] [id=1576]
  0x00000213cb1c3800 ConcurrentGCThread "G1 Refine#5" [stack: 0x000000f1d1e00000,0x000000f1d1f00000] [id=1492]
  0x00000213cbd13800 ConcurrentGCThread "G1 Young RemSet Sampling" [stack: 0x000000f1d2400000,0x000000f1d2500000] [id=11188]

Threads with active compile tasks:

VM state:not at safepoint (normal execution)

VM Mutex/Monitor currently owned by a thread: None

Heap address: 0x0000000700000000, size: 3072 MB, Compressed Oops mode: Zero based, Oop shift amount: 3
Narrow klass base: 0x0000000000000000, Narrow klass shift: 3
Compressed class space size: 1073741824 Address: 0x00000007c0000000

Heap:
 garbage-first heap   total 352256K, used 158536K [0x0000000700000000, 0x0000000700100ac0, 0x00000007c0000000)
  region size 1024K, 27 young (27648K), 3 survivors (3072K)
 Metaspace       used 97817K, capacity 100500K, committed 103600K, reserved 1138688K
  class space    used 13574K, capacity 14124K, committed 14768K, reserved 1048576K
Heap Regions: E=young(eden), S=young(survivor), O=old, HS=humongous(starts), HC=humongous(continues), CS=collection set, F=free, A=archive, TS=gc time stamp, AC=allocation context, TAMS=top-at-mark-start (previous, next)
|   0|0x0000000700000000, 0x00000007000d2260, 0x0000000700100000| 82%| O|  |TS  0|AC  0|TAMS 0x0000000700000000, 0x0000000700000000|
|   1|0x0000000700100000, 0x0000000700200000, 0x0000000700200000|100%|HS|  |TS  0|AC  0|TAMS 0x0000000700100000, 0x0000000700100000|
|   2|0x0000000700200000, 0x0000000700300000, 0x0000000700300000|100%|HC|  |TS  0|AC  0|TAMS 0x0000000700200000, 0x0000000700200000|
|   3|0x0000000700300000, 0x0000000700400000, 0x0000000700400000|100%|HS|  |TS  0|AC  0|TAMS 0x0000000700300000, 0x0000000700300000|
|   4|0x0000000700400000, 0x00000007004eb1d8, 0x0000000700500000| 91%| O|  |TS  0|AC  0|TAMS 0x0000000700400000, 0x0000000700400000|
|   5|0x0000000700500000, 0x00000007005fffd8, 0x0000000700600000| 99%| O|  |TS  0|AC  0|TAMS 0x0000000700500000, 0x0000000700500000|
|   6|0x0000000700600000, 0x00000007006fffe8, 0x0000000700700000| 99%| O|  |TS  0|AC  0|TAMS 0x0000000700600000, 0x0000000700600000|
|   7|0x0000000700700000, 0x00000007007fffc0, 0x0000000700800000| 99%| O|  |TS  0|AC  0|TAMS 0x0000000700700000, 0x0000000700700000|
|   8|0x0000000700800000, 0x00000007008b02e0, 0x0000000700900000| 68%| O|  |TS  0|AC  0|TAMS 0x0000000700800000, 0x0000000700800000|
|   9|0x0000000700900000, 0x00000007009ffff0, 0x0000000700a00000| 99%| O|  |TS  0|AC  0|TAMS 0x0000000700900000, 0x0000000700900000|
|  10|0x0000000700a00000, 0x0000000700afbc98, 0x0000000700b00000| 98%| O|  |TS  0|AC  0|TAMS 0x0000000700a00000, 0x0000000700a00000|
|  11|0x0000000700b00000, 0x0000000700bf7fd0, 0x0000000700c00000| 96%| O|  |TS  0|AC  0|TAMS 0x0000000700b00000, 0x0000000700b00000|
|  12|0x0000000700c00000, 0x0000000700d00000, 0x0000000700d00000|100%|HS|  |TS  0|AC  0|TAMS 0x0000000700c00000, 0x0000000700c00000|
|  13|0x0000000700d00000, 0x0000000700e00000, 0x0000000700e00000|100%|HC|  |TS  0|AC  0|TAMS 0x0000000700d00000, 0x0000000700d00000|
|  14|0x0000000700e00000, 0x0000000700efc1f8, 0x0000000700f00000| 98%| O|  |TS  0|AC  0|TAMS 0x0000000700e00000, 0x0000000700e00000|
|  15|0x0000000700f00000, 0x0000000700fd9b48, 0x0000000701000000| 85%| O|  |TS  0|AC  0|TAMS 0x0000000700f00000, 0x0000000700f00000|
|  16|0x0000000701000000, 0x00000007010fe658, 0x0000000701100000| 99%| O|  |TS  0|AC  0|TAMS 0x0000000701000000, 0x0000000701000000|
|  17|0x0000000701100000, 0x00000007011ffff8, 0x0000000701200000| 99%| O|  |TS  0|AC  0|TAMS 0x0000000701100000, 0x0000000701100000|
|  18|0x0000000701200000, 0x00000007012fffe8, 0x0000000701300000| 99%| O|  |TS  0|AC  0|TAMS 0x0000000701200000, 0x0000000701200000|
|  19|0x0000000701300000, 0x0000000701400000, 0x0000000701400000|100%| O|  |TS  0|AC  0|TAMS 0x0000000701300000, 0x0000000701300000|
|  20|0x0000000701400000, 0x0000000701500000, 0x0000000701500000|100%|HS|  |TS  0|AC  0|TAMS 0x0000000701400000, 0x0000000701400000|
|  21|0x0000000701500000, 0x0000000701600000, 0x0000000701600000|100%|HS|  |TS  0|AC  0|TAMS 0x0000000701500000, 0x0000000701500000|
|  22|0x0000000701600000, 0x00000007016ff068, 0x0000000701700000| 99%| O|  |TS  0|AC  0|TAMS 0x0000000701600000, 0x0000000701600000|
|  23|0x0000000701700000, 0x0000000701800000, 0x0000000701800000|100%|HS|  |TS  0|AC  0|TAMS 0x0000000701700000, 0x0000000701700000|
|  24|0x0000000701800000, 0x00000007018f98e8, 0x0000000701900000| 97%| O|  |TS  0|AC  0|TAMS 0x0000000701800000, 0x0000000701800000|
|  25|0x0000000701900000, 0x00000007019ffff8, 0x0000000701a00000| 99%| O|  |TS  0|AC  0|TAMS 0x0000000701900000, 0x0000000701900000|
|  26|0x0000000701a00000, 0x0000000701b00000, 0x0000000701b00000|100%| O|  |TS  0|AC  0|TAMS 0x0000000701a00000, 0x0000000701a00000|
|  27|0x0000000701b00000, 0x0000000701bffef0, 0x0000000701c00000| 99%| O|  |TS  0|AC  0|TAMS 0x0000000701b00000, 0x0000000701b00000|
|  28|0x0000000701c00000, 0x0000000701cff3b8, 0x0000000701d00000| 99%| O|  |TS  0|AC  0|TAMS 0x0000000701c00000, 0x0000000701c00000|
|  29|0x0000000701d00000, 0x0000000701e00000, 0x0000000701e00000|100%| O|  |TS  0|AC  0|TAMS 0x0000000701d00000, 0x0000000701d00000|
|  30|0x0000000701e00000, 0x0000000701effeb0, 0x0000000701f00000| 99%| O|  |TS  0|AC  0|TAMS 0x0000000701e00000, 0x0000000701e00000|
|  31|0x0000000701f00000, 0x0000000701ffffe8, 0x0000000702000000| 99%| O|  |TS  0|AC  0|TAMS 0x0000000701f00000, 0x0000000701f00000|
|  32|0x0000000702000000, 0x00000007020fffe8, 0x0000000702100000| 99%| O|  |TS  0|AC  0|TAMS 0x0000000702000000, 0x0000000702000000|
|  33|0x0000000702100000, 0x00000007021ffe80, 0x0000000702200000| 99%| O|  |TS  0|AC  0|TAMS 0x0000000702100000, 0x0000000702100000|
|  34|0x0000000702200000, 0x00000007022fffe0, 0x0000000702300000| 99%| O|  |TS  0|AC  0|TAMS 0x0000000702200000, 0x0000000702200000|
|  35|0x0000000702300000, 0x00000007023ffff8, 0x0000000702400000| 99%| O|  |TS  0|AC  0|TAMS 0x0000000702300000, 0x0000000702300000|
|  36|0x0000000702400000, 0x00000007024fffc0, 0x0000000702500000| 99%| O|  |TS  0|AC  0|TAMS 0x0000000702400000, 0x0000000702400000|
|  37|0x0000000702500000, 0x00000007025ffff8, 0x0000000702600000| 99%| O|  |TS  0|AC  0|TAMS 0x0000000702500000, 0x0000000702500000|
|  38|0x0000000702600000, 0x00000007026ffff8, 0x0000000702700000| 99%| O|  |TS  0|AC  0|TAMS 0x0000000702600000, 0x0000000702600000|
|  39|0x0000000702700000, 0x00000007027fffd8, 0x0000000702800000| 99%| O|  |TS  0|AC  0|TAMS 0x0000000702700000, 0x0000000702700000|
|  40|0x0000000702800000, 0x00000007028ffd30, 0x0000000702900000| 99%| O|  |TS  0|AC  0|TAMS 0x0000000702800000, 0x0000000702800000|
|  41|0x0000000702900000, 0x00000007029ffe80, 0x0000000702a00000| 99%| O|  |TS  0|AC  0|TAMS 0x0000000702900000, 0x0000000702900000|
|  42|0x0000000702a00000, 0x0000000702b00000, 0x0000000702b00000|100%| O|  |TS  0|AC  0|TAMS 0x0000000702a00000, 0x0000000702a00000|
|  43|0x0000000702b00000, 0x0000000702bfffe8, 0x0000000702c00000| 99%| O|  |TS  0|AC  0|TAMS 0x0000000702b00000, 0x0000000702b00000|
|  44|0x0000000702c00000, 0x0000000702d00000, 0x0000000702d00000|100%| O|  |TS  0|AC  0|TAMS 0x0000000702c00000, 0x0000000702c00000|
|  45|0x0000000702d00000, 0x0000000702e00000, 0x0000000702e00000|100%|HS|  |TS  0|AC  0|TAMS 0x0000000702d00000, 0x0000000702d00000|
|  46|0x0000000702e00000, 0x0000000702f00000, 0x0000000702f00000|100%|HC|  |TS  0|AC  0|TAMS 0x0000000702e00000, 0x0000000702e00000|
|  47|0x0000000702f00000, 0x0000000703000000, 0x0000000703000000|100%|HC|  |TS  0|AC  0|TAMS 0x0000000702f00000, 0x0000000702f00000|
|  48|0x0000000703000000, 0x0000000703100000, 0x0000000703100000|100%|HC|  |TS  0|AC  0|TAMS 0x0000000703000000, 0x0000000703000000|
|  49|0x0000000703100000, 0x0000000703200000, 0x0000000703200000|100%|HC|  |TS  0|AC  0|TAMS 0x0000000703100000, 0x0000000703100000|
|  50|0x0000000703200000, 0x0000000703300000, 0x0000000703300000|100%|HC|  |TS  0|AC  0|TAMS 0x0000000703200000, 0x0000000703200000|
|  51|0x0000000703300000, 0x0000000703400000, 0x0000000703400000|100%|HC|  |TS  0|AC  0|TAMS 0x0000000703300000, 0x0000000703300000|
|  52|0x0000000703400000, 0x0000000703500000, 0x0000000703500000|100%|HC|  |TS  0|AC  0|TAMS 0x0000000703400000, 0x0000000703400000|
|  53|0x0000000703500000, 0x0000000703600000, 0x0000000703600000|100%|HC|  |TS  0|AC  0|TAMS 0x0000000703500000, 0x0000000703500000|
|  54|0x0000000703600000, 0x0000000703700000, 0x0000000703700000|100%|HC|  |TS  0|AC  0|TAMS 0x0000000703600000, 0x0000000703600000|
|  55|0x0000000703700000, 0x0000000703800000, 0x0000000703800000|100%|HC|  |TS  0|AC  0|TAMS 0x0000000703700000, 0x0000000703700000|
|  56|0x0000000703800000, 0x0000000703900000, 0x0000000703900000|100%|HC|  |TS  0|AC  0|TAMS 0x0000000703800000, 0x0000000703800000|
|  57|0x0000000703900000, 0x0000000703a00000, 0x0000000703a00000|100%|HC|  |TS  0|AC  0|TAMS 0x0000000703900000, 0x0000000703900000|
|  58|0x0000000703a00000, 0x0000000703b00000, 0x0000000703b00000|100%|HC|  |TS  0|AC  0|TAMS 0x0000000703a00000, 0x0000000703a00000|
|  59|0x0000000703b00000, 0x0000000703bfffe8, 0x0000000703c00000| 99%| O|  |TS  0|AC  0|TAMS 0x0000000703b00000, 0x0000000703b00000|
|  60|0x0000000703c00000, 0x0000000703cffff8, 0x0000000703d00000| 99%| O|  |TS  0|AC  0|TAMS 0x0000000703c00000, 0x0000000703c00000|
|  61|0x0000000703d00000, 0x0000000703dfc848, 0x0000000703e00000| 98%| O|  |TS  0|AC  0|TAMS 0x0000000703d00000, 0x0000000703d00000|
|  62|0x0000000703e00000, 0x0000000703effff8, 0x0000000703f00000| 99%| O|  |TS  0|AC  0|TAMS 0x0000000703e00000, 0x0000000703e00000|
|  63|0x0000000703f00000, 0x0000000703fffff0, 0x0000000704000000| 99%| O|  |TS  0|AC  0|TAMS 0x0000000703f00000, 0x0000000703f00000|
|  64|0x0000000704000000, 0x0000000704100000, 0x0000000704100000|100%| O|  |TS  0|AC  0|TAMS 0x0000000704000000, 0x0000000704000000|
|  65|0x0000000704100000, 0x0000000704200000, 0x0000000704200000|100%| O|  |TS  0|AC  0|TAMS 0x0000000704100000, 0x0000000704100000|
|  66|0x0000000704200000, 0x00000007042fffe8, 0x0000000704300000| 99%| O|  |TS  0|AC  0|TAMS 0x0000000704200000, 0x0000000704200000|
|  67|0x0000000704300000, 0x00000007043ffff8, 0x0000000704400000| 99%| O|  |TS  0|AC  0|TAMS 0x0000000704300000, 0x0000000704300000|
|  68|0x0000000704400000, 0x00000007044fffd8, 0x0000000704500000| 99%| O|  |TS  0|AC  0|TAMS 0x0000000704400000, 0x0000000704400000|
|  69|0x0000000704500000, 0x00000007045fffd0, 0x0000000704600000| 99%| O|  |TS  0|AC  0|TAMS 0x0000000704500000, 0x0000000704500000|
|  70|0x0000000704600000, 0x00000007046fffe8, 0x0000000704700000| 99%| O|  |TS  0|AC  0|TAMS 0x0000000704600000, 0x0000000704600000|
|  71|0x0000000704700000, 0x00000007047ffff8, 0x0000000704800000| 99%| O|  |TS  0|AC  0|TAMS 0x0000000704700000, 0x0000000704700000|
|  72|0x0000000704800000, 0x00000007048ffff8, 0x0000000704900000| 99%| O|  |TS  0|AC  0|TAMS 0x0000000704800000, 0x0000000704800000|
|  73|0x0000000704900000, 0x00000007049ffff0, 0x0000000704a00000| 99%| O|  |TS  0|AC  0|TAMS 0x0000000704900000, 0x0000000704900000|
|  74|0x0000000704a00000, 0x0000000704b00000, 0x0000000704b00000|100%| O|  |TS  0|AC  0|TAMS 0x0000000704a00000, 0x0000000704a00000|
|  75|0x0000000704b00000, 0x0000000704bfffe0, 0x0000000704c00000| 99%| O|  |TS  0|AC  0|TAMS 0x0000000704b00000, 0x0000000704b00000|
|  76|0x0000000704c00000, 0x0000000704cfff60, 0x0000000704d00000| 99%| O|  |TS  0|AC  0|TAMS 0x0000000704c00000, 0x0000000704c00000|
|  77|0x0000000704d00000, 0x0000000704e00000, 0x0000000704e00000|100%| O|  |TS  0|AC  0|TAMS 0x0000000704d00000, 0x0000000704d00000|
|  78|0x0000000704e00000, 0x0000000704effff0, 0x0000000704f00000| 99%| O|  |TS  0|AC  0|TAMS 0x0000000704e00000, 0x0000000704e00000|
|  79|0x0000000704f00000, 0x0000000704fffff0, 0x0000000705000000| 99%| O|  |TS  0|AC  0|TAMS 0x0000000704f00000, 0x0000000704f00000|
|  80|0x0000000705000000, 0x00000007050fffe8, 0x0000000705100000| 99%| O|  |TS  0|AC  0|TAMS 0x0000000705000000, 0x0000000705000000|
|  81|0x0000000705100000, 0x00000007051fffe8, 0x0000000705200000| 99%| O|  |TS  0|AC  0|TAMS 0x0000000705100000, 0x0000000705100000|
|  82|0x0000000705200000, 0x00000007052ff6a8, 0x0000000705300000| 99%| O|  |TS  0|AC  0|TAMS 0x0000000705200000, 0x0000000705200000|
|  83|0x0000000705300000, 0x00000007053fffe8, 0x0000000705400000| 99%| O|  |TS  0|AC  0|TAMS 0x0000000705300000, 0x0000000705300000|
|  84|0x0000000705400000, 0x00000007054ffff8, 0x0000000705500000| 99%| O|  |TS  0|AC  0|TAMS 0x0000000705400000, 0x0000000705400000|
|  85|0x0000000705500000, 0x00000007055ffed0, 0x0000000705600000| 99%| O|  |TS  0|AC  0|TAMS 0x0000000705500000, 0x0000000705500000|
|  86|0x0000000705600000, 0x00000007056fffe0, 0x0000000705700000| 99%| O|  |TS  0|AC  0|TAMS 0x0000000705600000, 0x0000000705600000|
|  87|0x0000000705700000, 0x00000007057ffa70, 0x0000000705800000| 99%| O|  |TS  0|AC  0|TAMS 0x0000000705700000, 0x0000000705700000|
|  88|0x0000000705800000, 0x00000007058faa50, 0x0000000705900000| 97%| O|  |TS  0|AC  0|TAMS 0x0000000705800000, 0x0000000705800000|
|  89|0x0000000705900000, 0x00000007059ffe18, 0x0000000705a00000| 99%| O|  |TS  0|AC  0|TAMS 0x0000000705900000, 0x0000000705900000|
|  90|0x0000000705a00000, 0x0000000705b00000, 0x0000000705b00000|100%| O|  |TS  0|AC  0|TAMS 0x0000000705a00000, 0x0000000705a00000|
|  91|0x0000000705b00000, 0x0000000705bfff68, 0x0000000705c00000| 99%| O|  |TS  0|AC  0|TAMS 0x0000000705b00000, 0x0000000705b00000|
|  92|0x0000000705c00000, 0x0000000705cffb40, 0x0000000705d00000| 99%| O|  |TS  0|AC  0|TAMS 0x0000000705c00000, 0x0000000705c00000|
|  93|0x0000000705d00000, 0x0000000705dffff8, 0x0000000705e00000| 99%| O|  |TS  0|AC  0|TAMS 0x0000000705d00000, 0x0000000705d00000|
|  94|0x0000000705e00000, 0x0000000705effff0, 0x0000000705f00000| 99%| O|  |TS  0|AC  0|TAMS 0x0000000705e00000, 0x0000000705e00000|
|  95|0x0000000705f00000, 0x0000000705ffff20, 0x0000000706000000| 99%| O|  |TS  0|AC  0|TAMS 0x0000000705f00000, 0x0000000705f00000|
|  96|0x0000000706000000, 0x00000007060fffe0, 0x0000000706100000| 99%| O|  |TS  0|AC  0|TAMS 0x0000000706000000, 0x0000000706000000|
|  97|0x0000000706100000, 0x00000007061ffea8, 0x0000000706200000| 99%| O|  |TS  0|AC  0|TAMS 0x0000000706100000, 0x0000000706100000|
|  98|0x0000000706200000, 0x00000007062fffb0, 0x0000000706300000| 99%| O|  |TS  0|AC  0|TAMS 0x0000000706200000, 0x0000000706200000|
|  99|0x0000000706300000, 0x00000007063ffff0, 0x0000000706400000| 99%| O|  |TS  0|AC  0|TAMS 0x0000000706300000, 0x0000000706300000|
| 100|0x0000000706400000, 0x00000007064ffd38, 0x0000000706500000| 99%| O|  |TS  0|AC  0|TAMS 0x0000000706400000, 0x0000000706400000|
| 101|0x0000000706500000, 0x00000007065fff18, 0x0000000706600000| 99%| O|  |TS  0|AC  0|TAMS 0x0000000706500000, 0x0000000706500000|
| 102|0x0000000706600000, 0x0000000706700000, 0x0000000706700000|100%| O|  |TS  0|AC  0|TAMS 0x0000000706600000, 0x0000000706600000|
| 103|0x0000000706700000, 0x00000007067ffd80, 0x0000000706800000| 99%| O|  |TS  0|AC  0|TAMS 0x0000000706700000, 0x0000000706700000|
| 104|0x0000000706800000, 0x00000007068ffb40, 0x0000000706900000| 99%| O|  |TS  0|AC  0|TAMS 0x0000000706800000, 0x0000000706800000|
| 105|0x0000000706900000, 0x00000007069fffc0, 0x0000000706a00000| 99%| O|  |TS  0|AC  0|TAMS 0x0000000706900000, 0x0000000706900000|
| 106|0x0000000706a00000, 0x0000000706afffb0, 0x0000000706b00000| 99%| O|  |TS  0|AC  0|TAMS 0x0000000706a00000, 0x0000000706a00000|
| 107|0x0000000706b00000, 0x0000000706bffff0, 0x0000000706c00000| 99%| O|  |TS  0|AC  0|TAMS 0x0000000706b00000, 0x0000000706b00000|
| 108|0x0000000706c00000, 0x0000000706cfffa8, 0x0000000706d00000| 99%| O|  |TS  0|AC  0|TAMS 0x0000000706c00000, 0x0000000706c00000|
| 109|0x0000000706d00000, 0x0000000706dffff8, 0x0000000706e00000| 99%| O|  |TS  0|AC  0|TAMS 0x0000000706d00000, 0x0000000706d00000|
| 110|0x0000000706e00000, 0x0000000706efff40, 0x0000000706f00000| 99%| O|  |TS  0|AC  0|TAMS 0x0000000706e00000, 0x0000000706e00000|
| 111|0x0000000706f00000, 0x0000000706fffff0, 0x0000000707000000| 99%| O|  |TS  0|AC  0|TAMS 0x0000000706f00000, 0x0000000706f00000|
| 112|0x0000000707000000, 0x00000007070e37a8, 0x0000000707100000| 88%| O|  |TS  0|AC  0|TAMS 0x0000000707000000, 0x0000000707000000|
| 113|0x0000000707100000, 0x0000000707200000, 0x0000000707200000|100%|HS|  |TS  0|AC  0|TAMS 0x0000000707100000, 0x0000000707100000|
| 114|0x0000000707200000, 0x0000000707300000, 0x0000000707300000|100%|HC|  |TS  0|AC  0|TAMS 0x0000000707200000, 0x0000000707200000|
| 115|0x0000000707300000, 0x0000000707400000, 0x0000000707400000|100%| O|  |TS 41|AC  0|TAMS 0x0000000707300000, 0x0000000707300000|
| 116|0x0000000707400000, 0x0000000707500000, 0x0000000707500000|100%| O|  |TS 75|AC  0|TAMS 0x0000000707400000, 0x0000000707400000|
| 117|0x0000000707500000, 0x0000000707600000, 0x0000000707600000|100%| O|  |TS101|AC  0|TAMS 0x0000000707500000, 0x0000000707500000|
| 118|0x0000000707600000, 0x0000000707667a00, 0x0000000707700000| 40%| O|  |TS139|AC  0|TAMS 0x0000000707600000, 0x0000000707600000|
| 119|0x0000000707700000, 0x0000000707700000, 0x0000000707800000|  0%| F|  |TS127|AC  0|TAMS 0x0000000707700000, 0x0000000707700000|
| 120|0x0000000707800000, 0x0000000707800000, 0x0000000707900000|  0%| F|  |TS127|AC  0|TAMS 0x0000000707800000, 0x0000000707800000|
| 121|0x0000000707900000, 0x0000000707900000, 0x0000000707a00000|  0%| F|  |TS  0|AC  0|TAMS 0x0000000707900000, 0x0000000707900000|
| 122|0x0000000707a00000, 0x0000000707a00000, 0x0000000707b00000|  0%| F|  |TS  0|AC  0|TAMS 0x0000000707a00000, 0x0000000707a00000|
| 123|0x0000000707b00000, 0x0000000707c00000, 0x0000000707c00000|100%|HS|  |TS  0|AC  0|TAMS 0x0000000707b00000, 0x0000000707b00000|
| 124|0x0000000707c00000, 0x0000000707d00000, 0x0000000707d00000|100%|HC|  |TS  0|AC  0|TAMS 0x0000000707c00000, 0x0000000707c00000|
| 125|0x0000000707d00000, 0x0000000707e00000, 0x0000000707e00000|100%|HC|  |TS  0|AC  0|TAMS 0x0000000707d00000, 0x0000000707d00000|
| 126|0x0000000707e00000, 0x0000000707f00000, 0x0000000707f00000|100%|HC|  |TS  0|AC  0|TAMS 0x0000000707e00000, 0x0000000707e00000|
| 127|0x0000000707f00000, 0x0000000708000000, 0x0000000708000000|100%|HS|  |TS119|AC  0|TAMS 0x0000000707f00000, 0x0000000707f00000|
| 128|0x0000000708000000, 0x0000000708100000, 0x0000000708100000|100%|HC|  |TS119|AC  0|TAMS 0x0000000708000000, 0x0000000708000000|
| 129|0x0000000708100000, 0x0000000708200000, 0x0000000708200000|100%|HC|  |TS119|AC  0|TAMS 0x0000000708100000, 0x0000000708100000|
| 130|0x0000000708200000, 0x0000000708200000, 0x0000000708300000|  0%| F|  |TS119|AC  0|TAMS 0x0000000708200000, 0x0000000708200000|
| 131|0x0000000708300000, 0x0000000708300000, 0x0000000708400000|  0%| F|  |TS119|AC  0|TAMS 0x0000000708300000, 0x0000000708300000|
| 132|0x0000000708400000, 0x0000000708400000, 0x0000000708500000|  0%| F|  |TS  0|AC  0|TAMS 0x0000000708400000, 0x0000000708400000|
| 133|0x0000000708500000, 0x0000000708600000, 0x0000000708600000|100%|HS|  |TS  0|AC  0|TAMS 0x0000000708500000, 0x0000000708500000|
| 134|0x0000000708600000, 0x0000000708700000, 0x0000000708700000|100%|HC|  |TS  0|AC  0|TAMS 0x0000000708600000, 0x0000000708600000|
| 135|0x0000000708700000, 0x0000000708800000, 0x0000000708800000|100%|HC|  |TS  0|AC  0|TAMS 0x0000000708700000, 0x0000000708700000|
| 136|0x0000000708800000, 0x0000000708900000, 0x0000000708900000|100%|HC|  |TS  0|AC  0|TAMS 0x0000000708800000, 0x0000000708800000|
| 137|0x0000000708900000, 0x0000000708a00000, 0x0000000708a00000|100%|HC|  |TS  0|AC  0|TAMS 0x0000000708900000, 0x0000000708900000|
| 138|0x0000000708a00000, 0x0000000708a00000, 0x0000000708b00000|  0%| F|  |TS127|AC  0|TAMS 0x0000000708a00000, 0x0000000708a00000|
| 139|0x0000000708b00000, 0x0000000708b00000, 0x0000000708c00000|  0%| F|  |TS127|AC  0|TAMS 0x0000000708b00000, 0x0000000708b00000|
| 140|0x0000000708c00000, 0x0000000708c00000, 0x0000000708d00000|  0%| F|  |TS127|AC  0|TAMS 0x0000000708c00000, 0x0000000708c00000|
| 141|0x0000000708d00000, 0x0000000708d00000, 0x0000000708e00000|  0%| F|  |TS127|AC  0|TAMS 0x0000000708d00000, 0x0000000708d00000|
| 142|0x0000000708e00000, 0x0000000708e00000, 0x0000000708f00000|  0%| F|  |TS127|AC  0|TAMS 0x0000000708e00000, 0x0000000708e00000|
| 143|0x0000000708f00000, 0x0000000708f00000, 0x0000000709000000|  0%| F|  |TS  0|AC  0|TAMS 0x0000000708f00000, 0x0000000708f00000|
| 144|0x0000000709000000, 0x0000000709000000, 0x0000000709100000|  0%| F|  |TS  0|AC  0|TAMS 0x0000000709000000, 0x0000000709000000|
| 145|0x0000000709100000, 0x0000000709100000, 0x0000000709200000|  0%| F|  |TS  0|AC  0|TAMS 0x0000000709100000, 0x0000000709100000|
| 146|0x0000000709200000, 0x0000000709200000, 0x0000000709300000|  0%| F|  |TS  0|AC  0|TAMS 0x0000000709200000, 0x0000000709200000|
| 147|0x0000000709300000, 0x0000000709300000, 0x0000000709400000|  0%| F|  |TS  0|AC  0|TAMS 0x0000000709300000, 0x0000000709300000|
| 148|0x0000000709400000, 0x0000000709400000, 0x0000000709500000|  0%| F|  |TS  0|AC  0|TAMS 0x0000000709400000, 0x0000000709400000|
| 149|0x0000000709500000, 0x0000000709500000, 0x0000000709600000|  0%| F|  |TS  0|AC  0|TAMS 0x0000000709500000, 0x0000000709500000|
| 150|0x0000000709600000, 0x0000000709600000, 0x0000000709700000|  0%| F|  |TS  0|AC  0|TAMS 0x0000000709600000, 0x0000000709600000|
| 151|0x0000000709700000, 0x0000000709700000, 0x0000000709800000|  0%| F|  |TS  0|AC  0|TAMS 0x0000000709700000, 0x0000000709700000|
| 152|0x0000000709800000, 0x0000000709800000, 0x0000000709900000|  0%| F|  |TS  0|AC  0|TAMS 0x0000000709800000, 0x0000000709800000|
| 153|0x0000000709900000, 0x0000000709900000, 0x0000000709a00000|  0%| F|  |TS  0|AC  0|TAMS 0x0000000709900000, 0x0000000709900000|
| 154|0x0000000709a00000, 0x0000000709a00000, 0x0000000709b00000|  0%| F|  |TS  0|AC  0|TAMS 0x0000000709a00000, 0x0000000709a00000|
| 155|0x0000000709b00000, 0x0000000709b00000, 0x0000000709c00000|  0%| F|  |TS  0|AC  0|TAMS 0x0000000709b00000, 0x0000000709b00000|
| 156|0x0000000709c00000, 0x0000000709c00000, 0x0000000709d00000|  0%| F|  |TS  0|AC  0|TAMS 0x0000000709c00000, 0x0000000709c00000|
| 157|0x0000000709d00000, 0x0000000709d00000, 0x0000000709e00000|  0%| F|  |TS  0|AC  0|TAMS 0x0000000709d00000, 0x0000000709d00000|
| 158|0x0000000709e00000, 0x0000000709e00000, 0x0000000709f00000|  0%| F|  |TS  0|AC  0|TAMS 0x0000000709e00000, 0x0000000709e00000|
| 159|0x0000000709f00000, 0x0000000709f00000, 0x000000070a000000|  0%| F|  |TS  0|AC  0|TAMS 0x0000000709f00000, 0x0000000709f00000|
| 160|0x000000070a000000, 0x000000070a000000, 0x000000070a100000|  0%| F|  |TS  0|AC  0|TAMS 0x000000070a000000, 0x000000070a000000|
| 161|0x000000070a100000, 0x000000070a100000, 0x000000070a200000|  0%| F|  |TS  0|AC  0|TAMS 0x000000070a100000, 0x000000070a100000|
| 162|0x000000070a200000, 0x000000070a200000, 0x000000070a300000|  0%| F|  |TS  0|AC  0|TAMS 0x000000070a200000, 0x000000070a200000|
| 163|0x000000070a300000, 0x000000070a300000, 0x000000070a400000|  0%| F|  |TS  0|AC  0|TAMS 0x000000070a300000, 0x000000070a300000|
| 164|0x000000070a400000, 0x000000070a400000, 0x000000070a500000|  0%| F|  |TS  0|AC  0|TAMS 0x000000070a400000, 0x000000070a400000|
| 165|0x000000070a500000, 0x000000070a500000, 0x000000070a600000|  0%| F|  |TS  0|AC  0|TAMS 0x000000070a500000, 0x000000070a500000|
| 166|0x000000070a600000, 0x000000070a600000, 0x000000070a700000|  0%| F|  |TS  0|AC  0|TAMS 0x000000070a600000, 0x000000070a600000|
| 167|0x000000070a700000, 0x000000070a700000, 0x000000070a800000|  0%| F|  |TS  0|AC  0|TAMS 0x000000070a700000, 0x000000070a700000|
| 168|0x000000070a800000, 0x000000070a800000, 0x000000070a900000|  0%| F|  |TS  0|AC  0|TAMS 0x000000070a800000, 0x000000070a800000|
| 169|0x000000070a900000, 0x000000070a900000, 0x000000070aa00000|  0%| F|  |TS  0|AC  0|TAMS 0x000000070a900000, 0x000000070a900000|
| 170|0x000000070aa00000, 0x000000070aa00000, 0x000000070ab00000|  0%| F|  |TS  0|AC  0|TAMS 0x000000070aa00000, 0x000000070aa00000|
| 171|0x000000070ab00000, 0x000000070ab00000, 0x000000070ac00000|  0%| F|  |TS  0|AC  0|TAMS 0x000000070ab00000, 0x000000070ab00000|
| 172|0x000000070ac00000, 0x000000070ac00000, 0x000000070ad00000|  0%| F|  |TS  0|AC  0|TAMS 0x000000070ac00000, 0x000000070ac00000|
| 173|0x000000070ad00000, 0x000000070ad00000, 0x000000070ae00000|  0%| F|  |TS  0|AC  0|TAMS 0x000000070ad00000, 0x000000070ad00000|
| 174|0x000000070ae00000, 0x000000070ae00000, 0x000000070af00000|  0%| F|  |TS  0|AC  0|TAMS 0x000000070ae00000, 0x000000070ae00000|
| 175|0x000000070af00000, 0x000000070af00000, 0x000000070b000000|  0%| F|  |TS  0|AC  0|TAMS 0x000000070af00000, 0x000000070af00000|
| 176|0x000000070b000000, 0x000000070b000000, 0x000000070b100000|  0%| F|  |TS  0|AC  0|TAMS 0x000000070b000000, 0x000000070b000000|
| 177|0x000000070b100000, 0x000000070b100000, 0x000000070b200000|  0%| F|  |TS  0|AC  0|TAMS 0x000000070b100000, 0x000000070b100000|
| 178|0x000000070b200000, 0x000000070b200000, 0x000000070b300000|  0%| F|  |TS  0|AC  0|TAMS 0x000000070b200000, 0x000000070b200000|
| 179|0x000000070b300000, 0x000000070b300000, 0x000000070b400000|  0%| F|  |TS  0|AC  0|TAMS 0x000000070b300000, 0x000000070b300000|
| 180|0x000000070b400000, 0x000000070b400000, 0x000000070b500000|  0%| F|  |TS  0|AC  0|TAMS 0x000000070b400000, 0x000000070b400000|
| 181|0x000000070b500000, 0x000000070b500000, 0x000000070b600000|  0%| F|  |TS  0|AC  0|TAMS 0x000000070b500000, 0x000000070b500000|
| 182|0x000000070b600000, 0x000000070b600000, 0x000000070b700000|  0%| F|  |TS  0|AC  0|TAMS 0x000000070b600000, 0x000000070b600000|
| 183|0x000000070b700000, 0x000000070b700000, 0x000000070b800000|  0%| F|  |TS  0|AC  0|TAMS 0x000000070b700000, 0x000000070b700000|
| 184|0x000000070b800000, 0x000000070b800000, 0x000000070b900000|  0%| F|  |TS  0|AC  0|TAMS 0x000000070b800000, 0x000000070b800000|
| 185|0x000000070b900000, 0x000000070b900000, 0x000000070ba00000|  0%| F|  |TS  0|AC  0|TAMS 0x000000070b900000, 0x000000070b900000|
| 186|0x000000070ba00000, 0x000000070ba00000, 0x000000070bb00000|  0%| F|  |TS  0|AC  0|TAMS 0x000000070ba00000, 0x000000070ba00000|
| 187|0x000000070bb00000, 0x000000070bb00000, 0x000000070bc00000|  0%| F|  |TS  0|AC  0|TAMS 0x000000070bb00000, 0x000000070bb00000|
| 188|0x000000070bc00000, 0x000000070bc00000, 0x000000070bd00000|  0%| F|  |TS  0|AC  0|TAMS 0x000000070bc00000, 0x000000070bc00000|
| 189|0x000000070bd00000, 0x000000070bd00000, 0x000000070be00000|  0%| F|  |TS  0|AC  0|TAMS 0x000000070bd00000, 0x000000070bd00000|
| 190|0x000000070be00000, 0x000000070be00000, 0x000000070bf00000|  0%| F|  |TS  0|AC  0|TAMS 0x000000070be00000, 0x000000070be00000|
| 191|0x000000070bf00000, 0x000000070bf00000, 0x000000070c000000|  0%| F|  |TS  0|AC  0|TAMS 0x000000070bf00000, 0x000000070bf00000|
| 192|0x000000070c000000, 0x000000070c000000, 0x000000070c100000|  0%| F|  |TS  0|AC  0|TAMS 0x000000070c000000, 0x000000070c000000|
| 193|0x000000070c100000, 0x000000070c100000, 0x000000070c200000|  0%| F|  |TS  0|AC  0|TAMS 0x000000070c100000, 0x000000070c100000|
| 194|0x000000070c200000, 0x000000070c200000, 0x000000070c300000|  0%| F|  |TS  0|AC  0|TAMS 0x000000070c200000, 0x000000070c200000|
| 195|0x000000070c300000, 0x000000070c300000, 0x000000070c400000|  0%| F|  |TS  0|AC  0|TAMS 0x000000070c300000, 0x000000070c300000|
| 196|0x000000070c400000, 0x000000070c400000, 0x000000070c500000|  0%| F|  |TS  0|AC  0|TAMS 0x000000070c400000, 0x000000070c400000|
| 197|0x000000070c500000, 0x000000070c500000, 0x000000070c600000|  0%| F|  |TS  0|AC  0|TAMS 0x000000070c500000, 0x000000070c500000|
| 198|0x000000070c600000, 0x000000070c600000, 0x000000070c700000|  0%| F|  |TS  0|AC  0|TAMS 0x000000070c600000, 0x000000070c600000|
| 199|0x000000070c700000, 0x000000070c700000, 0x000000070c800000|  0%| F|  |TS  0|AC  0|TAMS 0x000000070c700000, 0x000000070c700000|
| 200|0x000000070c800000, 0x000000070c800000, 0x000000070c900000|  0%| F|  |TS  0|AC  0|TAMS 0x000000070c800000, 0x000000070c800000|
| 201|0x000000070c900000, 0x000000070c900000, 0x000000070ca00000|  0%| F|  |TS  0|AC  0|TAMS 0x000000070c900000, 0x000000070c900000|
| 202|0x000000070ca00000, 0x000000070ca00000, 0x000000070cb00000|  0%| F|  |TS  0|AC  0|TAMS 0x000000070ca00000, 0x000000070ca00000|
| 203|0x000000070cb00000, 0x000000070cb00000, 0x000000070cc00000|  0%| F|  |TS  0|AC  0|TAMS 0x000000070cb00000, 0x000000070cb00000|
| 204|0x000000070cc00000, 0x000000070cc00000, 0x000000070cd00000|  0%| F|  |TS  0|AC  0|TAMS 0x000000070cc00000, 0x000000070cc00000|
| 205|0x000000070cd00000, 0x000000070cd00000, 0x000000070ce00000|  0%| F|  |TS  0|AC  0|TAMS 0x000000070cd00000, 0x000000070cd00000|
| 206|0x000000070ce00000, 0x000000070ce00000, 0x000000070cf00000|  0%| F|  |TS  0|AC  0|TAMS 0x000000070ce00000, 0x000000070ce00000|
| 207|0x000000070cf00000, 0x000000070cf00000, 0x000000070d000000|  0%| F|  |TS  0|AC  0|TAMS 0x000000070cf00000, 0x000000070cf00000|
| 208|0x000000070d000000, 0x000000070d000000, 0x000000070d100000|  0%| F|  |TS  0|AC  0|TAMS 0x000000070d000000, 0x000000070d000000|
| 209|0x000000070d100000, 0x000000070d100000, 0x000000070d200000|  0%| F|  |TS  0|AC  0|TAMS 0x000000070d100000, 0x000000070d100000|
| 210|0x000000070d200000, 0x000000070d200000, 0x000000070d300000|  0%| F|  |TS  0|AC  0|TAMS 0x000000070d200000, 0x000000070d200000|
| 211|0x000000070d300000, 0x000000070d300000, 0x000000070d400000|  0%| F|  |TS  0|AC  0|TAMS 0x000000070d300000, 0x000000070d300000|
| 212|0x000000070d400000, 0x000000070d400000, 0x000000070d500000|  0%| F|  |TS  0|AC  0|TAMS 0x000000070d400000, 0x000000070d400000|
| 213|0x000000070d500000, 0x000000070d500000, 0x000000070d600000|  0%| F|  |TS  0|AC  0|TAMS 0x000000070d500000, 0x000000070d500000|
| 214|0x000000070d600000, 0x000000070d600000, 0x000000070d700000|  0%| F|  |TS  0|AC  0|TAMS 0x000000070d600000, 0x000000070d600000|
| 215|0x000000070d700000, 0x000000070d700000, 0x000000070d800000|  0%| F|  |TS  0|AC  0|TAMS 0x000000070d700000, 0x000000070d700000|
| 216|0x000000070d800000, 0x000000070d800000, 0x000000070d900000|  0%| F|  |TS  0|AC  0|TAMS 0x000000070d800000, 0x000000070d800000|
| 217|0x000000070d900000, 0x000000070d900000, 0x000000070da00000|  0%| F|  |TS  0|AC  0|TAMS 0x000000070d900000, 0x000000070d900000|
| 218|0x000000070da00000, 0x000000070da00000, 0x000000070db00000|  0%| F|  |TS  0|AC  0|TAMS 0x000000070da00000, 0x000000070da00000|
| 219|0x000000070db00000, 0x000000070db00000, 0x000000070dc00000|  0%| F|  |TS  0|AC  0|TAMS 0x000000070db00000, 0x000000070db00000|
| 220|0x000000070dc00000, 0x000000070dc00000, 0x000000070dd00000|  0%| F|  |TS  0|AC  0|TAMS 0x000000070dc00000, 0x000000070dc00000|
| 221|0x000000070dd00000, 0x000000070dd00000, 0x000000070de00000|  0%| F|  |TS  0|AC  0|TAMS 0x000000070dd00000, 0x000000070dd00000|
| 222|0x000000070de00000, 0x000000070de00000, 0x000000070df00000|  0%| F|  |TS  0|AC  0|TAMS 0x000000070de00000, 0x000000070de00000|
| 223|0x000000070df00000, 0x000000070df00000, 0x000000070e000000|  0%| F|  |TS  0|AC  0|TAMS 0x000000070df00000, 0x000000070df00000|
| 224|0x000000070e000000, 0x000000070e000000, 0x000000070e100000|  0%| F|  |TS  0|AC  0|TAMS 0x000000070e000000, 0x000000070e000000|
| 225|0x000000070e100000, 0x000000070e100000, 0x000000070e200000|  0%| F|  |TS  0|AC  0|TAMS 0x000000070e100000, 0x000000070e100000|
| 226|0x000000070e200000, 0x000000070e200000, 0x000000070e300000|  0%| F|  |TS  0|AC  0|TAMS 0x000000070e200000, 0x000000070e200000|
| 227|0x000000070e300000, 0x000000070e300000, 0x000000070e400000|  0%| F|  |TS  0|AC  0|TAMS 0x000000070e300000, 0x000000070e300000|
| 228|0x000000070e400000, 0x000000070e400000, 0x000000070e500000|  0%| F|  |TS  0|AC  0|TAMS 0x000000070e400000, 0x000000070e400000|
| 229|0x000000070e500000, 0x000000070e500000, 0x000000070e600000|  0%| F|  |TS  0|AC  0|TAMS 0x000000070e500000, 0x000000070e500000|
| 230|0x000000070e600000, 0x000000070e600000, 0x000000070e700000|  0%| F|  |TS  0|AC  0|TAMS 0x000000070e600000, 0x000000070e600000|
| 231|0x000000070e700000, 0x000000070e700000, 0x000000070e800000|  0%| F|  |TS  0|AC  0|TAMS 0x000000070e700000, 0x000000070e700000|
| 232|0x000000070e800000, 0x000000070e800000, 0x000000070e900000|  0%| F|  |TS  0|AC  0|TAMS 0x000000070e800000, 0x000000070e800000|
| 233|0x000000070e900000, 0x000000070e900000, 0x000000070ea00000|  0%| F|  |TS  0|AC  0|TAMS 0x000000070e900000, 0x000000070e900000|
| 234|0x000000070ea00000, 0x000000070ea00000, 0x000000070eb00000|  0%| F|  |TS  0|AC  0|TAMS 0x000000070ea00000, 0x000000070ea00000|
| 235|0x000000070eb00000, 0x000000070eb00000, 0x000000070ec00000|  0%| F|  |TS  0|AC  0|TAMS 0x000000070eb00000, 0x000000070eb00000|
| 236|0x000000070ec00000, 0x000000070ec00000, 0x000000070ed00000|  0%| F|  |TS  0|AC  0|TAMS 0x000000070ec00000, 0x000000070ec00000|
| 237|0x000000070ed00000, 0x000000070ed00000, 0x000000070ee00000|  0%| F|  |TS  0|AC  0|TAMS 0x000000070ed00000, 0x000000070ed00000|
| 238|0x000000070ee00000, 0x000000070ee00000, 0x000000070ef00000|  0%| F|  |TS  0|AC  0|TAMS 0x000000070ee00000, 0x000000070ee00000|
| 239|0x000000070ef00000, 0x000000070ef00000, 0x000000070f000000|  0%| F|  |TS  0|AC  0|TAMS 0x000000070ef00000, 0x000000070ef00000|
| 240|0x000000070f000000, 0x000000070f000000, 0x000000070f100000|  0%| F|  |TS  0|AC  0|TAMS 0x000000070f000000, 0x000000070f000000|
| 241|0x000000070f100000, 0x000000070f100000, 0x000000070f200000|  0%| F|  |TS  0|AC  0|TAMS 0x000000070f100000, 0x000000070f100000|
| 242|0x000000070f200000, 0x000000070f200000, 0x000000070f300000|  0%| F|  |TS  0|AC  0|TAMS 0x000000070f200000, 0x000000070f200000|
| 243|0x000000070f300000, 0x000000070f300000, 0x000000070f400000|  0%| F|  |TS  0|AC  0|TAMS 0x000000070f300000, 0x000000070f300000|
| 244|0x000000070f400000, 0x000000070f400000, 0x000000070f500000|  0%| F|  |TS  0|AC  0|TAMS 0x000000070f400000, 0x000000070f400000|
| 245|0x000000070f500000, 0x000000070f500000, 0x000000070f600000|  0%| F|  |TS  0|AC  0|TAMS 0x000000070f500000, 0x000000070f500000|
| 246|0x000000070f600000, 0x000000070f600000, 0x000000070f700000|  0%| F|  |TS  0|AC  0|TAMS 0x000000070f600000, 0x000000070f600000|
| 247|0x000000070f700000, 0x000000070f700000, 0x000000070f800000|  0%| F|  |TS  0|AC  0|TAMS 0x000000070f700000, 0x000000070f700000|
| 248|0x000000070f800000, 0x000000070f800000, 0x000000070f900000|  0%| F|  |TS  0|AC  0|TAMS 0x000000070f800000, 0x000000070f800000|
| 249|0x000000070f900000, 0x000000070f900000, 0x000000070fa00000|  0%| F|  |TS  0|AC  0|TAMS 0x000000070f900000, 0x000000070f900000|
| 250|0x000000070fa00000, 0x000000070fa00000, 0x000000070fb00000|  0%| F|  |TS  0|AC  0|TAMS 0x000000070fa00000, 0x000000070fa00000|
| 251|0x000000070fb00000, 0x000000070fb00000, 0x000000070fc00000|  0%| F|  |TS  0|AC  0|TAMS 0x000000070fb00000, 0x000000070fb00000|
| 252|0x000000070fc00000, 0x000000070fc00000, 0x000000070fd00000|  0%| F|  |TS  0|AC  0|TAMS 0x000000070fc00000, 0x000000070fc00000|
| 253|0x000000070fd00000, 0x000000070fd00000, 0x000000070fe00000|  0%| F|  |TS  0|AC  0|TAMS 0x000000070fd00000, 0x000000070fd00000|
| 254|0x000000070fe00000, 0x000000070fe00000, 0x000000070ff00000|  0%| F|  |TS  0|AC  0|TAMS 0x000000070fe00000, 0x000000070fe00000|
| 255|0x000000070ff00000, 0x000000070ff00000, 0x0000000710000000|  0%| F|  |TS  0|AC  0|TAMS 0x000000070ff00000, 0x000000070ff00000|
| 256|0x0000000710000000, 0x0000000710000000, 0x0000000710100000|  0%| F|  |TS  0|AC  0|TAMS 0x0000000710000000, 0x0000000710000000|
| 257|0x0000000710100000, 0x0000000710100000, 0x0000000710200000|  0%| F|  |TS  0|AC  0|TAMS 0x0000000710100000, 0x0000000710100000|
| 258|0x0000000710200000, 0x0000000710200000, 0x0000000710300000|  0%| F|  |TS  0|AC  0|TAMS 0x0000000710200000, 0x0000000710200000|
| 259|0x0000000710300000, 0x0000000710300000, 0x0000000710400000|  0%| F|  |TS  0|AC  0|TAMS 0x0000000710300000, 0x0000000710300000|
| 260|0x0000000710400000, 0x0000000710400000, 0x0000000710500000|  0%| F|  |TS  0|AC  0|TAMS 0x0000000710400000, 0x0000000710400000|
| 261|0x0000000710500000, 0x0000000710500000, 0x0000000710600000|  0%| F|  |TS  0|AC  0|TAMS 0x0000000710500000, 0x0000000710500000|
| 262|0x0000000710600000, 0x0000000710600000, 0x0000000710700000|  0%| F|  |TS  0|AC  0|TAMS 0x0000000710600000, 0x0000000710600000|
| 263|0x0000000710700000, 0x0000000710700000, 0x0000000710800000|  0%| F|  |TS  0|AC  0|TAMS 0x0000000710700000, 0x0000000710700000|
| 264|0x0000000710800000, 0x0000000710800000, 0x0000000710900000|  0%| F|  |TS  0|AC  0|TAMS 0x0000000710800000, 0x0000000710800000|
| 265|0x0000000710900000, 0x0000000710900000, 0x0000000710a00000|  0%| F|  |TS  0|AC  0|TAMS 0x0000000710900000, 0x0000000710900000|
| 266|0x0000000710a00000, 0x0000000710a00000, 0x0000000710b00000|  0%| F|  |TS  0|AC  0|TAMS 0x0000000710a00000, 0x0000000710a00000|
| 267|0x0000000710b00000, 0x0000000710b00000, 0x0000000710c00000|  0%| F|  |TS  0|AC  0|TAMS 0x0000000710b00000, 0x0000000710b00000|
| 268|0x0000000710c00000, 0x0000000710c00000, 0x0000000710d00000|  0%| F|  |TS  0|AC  0|TAMS 0x0000000710c00000, 0x0000000710c00000|
| 269|0x0000000710d00000, 0x0000000710d00000, 0x0000000710e00000|  0%| F|  |TS  0|AC  0|TAMS 0x0000000710d00000, 0x0000000710d00000|
| 270|0x0000000710e00000, 0x0000000710e00000, 0x0000000710f00000|  0%| F|  |TS  0|AC  0|TAMS 0x0000000710e00000, 0x0000000710e00000|
| 271|0x0000000710f00000, 0x0000000710f00000, 0x0000000711000000|  0%| F|  |TS  0|AC  0|TAMS 0x0000000710f00000, 0x0000000710f00000|
| 272|0x0000000711000000, 0x0000000711000000, 0x0000000711100000|  0%| F|  |TS  0|AC  0|TAMS 0x0000000711000000, 0x0000000711000000|
| 273|0x0000000711100000, 0x0000000711100000, 0x0000000711200000|  0%| F|  |TS  0|AC  0|TAMS 0x0000000711100000, 0x0000000711100000|
| 274|0x0000000711200000, 0x0000000711200000, 0x0000000711300000|  0%| F|  |TS  0|AC  0|TAMS 0x0000000711200000, 0x0000000711200000|
| 275|0x0000000711300000, 0x0000000711300000, 0x0000000711400000|  0%| F|  |TS  0|AC  0|TAMS 0x0000000711300000, 0x0000000711300000|
| 276|0x0000000711400000, 0x0000000711400000, 0x0000000711500000|  0%| F|  |TS  0|AC  0|TAMS 0x0000000711400000, 0x0000000711400000|
| 277|0x0000000711500000, 0x0000000711500000, 0x0000000711600000|  0%| F|  |TS  0|AC  0|TAMS 0x0000000711500000, 0x0000000711500000|
| 278|0x0000000711600000, 0x0000000711600000, 0x0000000711700000|  0%| F|  |TS  0|AC  0|TAMS 0x0000000711600000, 0x0000000711600000|
| 279|0x0000000711700000, 0x0000000711700000, 0x0000000711800000|  0%| F|  |TS  0|AC  0|TAMS 0x0000000711700000, 0x0000000711700000|
| 280|0x0000000711800000, 0x0000000711800000, 0x0000000711900000|  0%| F|  |TS137|AC  0|TAMS 0x0000000711800000, 0x0000000711800000|
| 281|0x0000000711900000, 0x0000000711900000, 0x0000000711a00000|  0%| F|  |TS139|AC  0|TAMS 0x0000000711900000, 0x0000000711900000|
| 282|0x0000000711a00000, 0x0000000711a65e40, 0x0000000711b00000| 39%| S|CS|TS139|AC  0|TAMS 0x0000000711a00000, 0x0000000711a00000|
| 283|0x0000000711b00000, 0x0000000711b00000, 0x0000000711c00000|  0%| F|  |TS139|AC  0|TAMS 0x0000000711b00000, 0x0000000711b00000|
| 284|0x0000000711c00000, 0x0000000711d00000, 0x0000000711d00000|100%| S|CS|TS139|AC  0|TAMS 0x0000000711c00000, 0x0000000711c00000|
| 285|0x0000000711d00000, 0x0000000711d00000, 0x0000000711e00000|  0%| F|  |TS139|AC  0|TAMS 0x0000000711d00000, 0x0000000711d00000|
| 286|0x0000000711e00000, 0x0000000711e00000, 0x0000000711f00000|  0%| F|  |TS139|AC  0|TAMS 0x0000000711e00000, 0x0000000711e00000|
| 287|0x0000000711f00000, 0x0000000712000000, 0x0000000712000000|100%| S|CS|TS139|AC  0|TAMS 0x0000000711f00000, 0x0000000711f00000|
| 288|0x0000000712000000, 0x0000000712000000, 0x0000000712100000|  0%| F|  |TS139|AC  0|TAMS 0x0000000712000000, 0x0000000712000000|
| 289|0x0000000712100000, 0x0000000712100000, 0x0000000712200000|  0%| F|  |TS139|AC  0|TAMS 0x0000000712100000, 0x0000000712100000|
| 290|0x0000000712200000, 0x0000000712200000, 0x0000000712300000|  0%| F|  |TS139|AC  0|TAMS 0x0000000712200000, 0x0000000712200000|
| 291|0x0000000712300000, 0x0000000712300000, 0x0000000712400000|  0%| F|  |TS139|AC  0|TAMS 0x0000000712300000, 0x0000000712300000|
| 292|0x0000000712400000, 0x0000000712400000, 0x0000000712500000|  0%| F|  |TS139|AC  0|TAMS 0x0000000712400000, 0x0000000712400000|
| 293|0x0000000712500000, 0x0000000712500000, 0x0000000712600000|  0%| F|  |TS139|AC  0|TAMS 0x0000000712500000, 0x0000000712500000|
| 294|0x0000000712600000, 0x0000000712600000, 0x0000000712700000|  0%| F|  |TS139|AC  0|TAMS 0x0000000712600000, 0x0000000712600000|
| 295|0x0000000712700000, 0x0000000712700000, 0x0000000712800000|  0%| F|  |TS139|AC  0|TAMS 0x0000000712700000, 0x0000000712700000|
| 296|0x0000000712800000, 0x0000000712800000, 0x0000000712900000|  0%| F|  |TS139|AC  0|TAMS 0x0000000712800000, 0x0000000712800000|
| 297|0x0000000712900000, 0x0000000712900000, 0x0000000712a00000|  0%| F|  |TS139|AC  0|TAMS 0x0000000712900000, 0x0000000712900000|
| 298|0x0000000712a00000, 0x0000000712a00000, 0x0000000712b00000|  0%| F|  |TS139|AC  0|TAMS 0x0000000712a00000, 0x0000000712a00000|
| 299|0x0000000712b00000, 0x0000000712b00000, 0x0000000712c00000|  0%| F|  |TS139|AC  0|TAMS 0x0000000712b00000, 0x0000000712b00000|
| 300|0x0000000712c00000, 0x0000000712c00000, 0x0000000712d00000|  0%| F|  |TS139|AC  0|TAMS 0x0000000712c00000, 0x0000000712c00000|
| 301|0x0000000712d00000, 0x0000000712d00000, 0x0000000712e00000|  0%| F|  |TS139|AC  0|TAMS 0x0000000712d00000, 0x0000000712d00000|
| 302|0x0000000712e00000, 0x0000000712e00000, 0x0000000712f00000|  0%| F|  |TS139|AC  0|TAMS 0x0000000712e00000, 0x0000000712e00000|
| 303|0x0000000712f00000, 0x0000000712f00000, 0x0000000713000000|  0%| F|  |TS139|AC  0|TAMS 0x0000000712f00000, 0x0000000712f00000|
| 304|0x0000000713000000, 0x0000000713000000, 0x0000000713100000|  0%| F|  |TS139|AC  0|TAMS 0x0000000713000000, 0x0000000713000000|
| 305|0x0000000713100000, 0x0000000713100000, 0x0000000713200000|  0%| F|  |TS139|AC  0|TAMS 0x0000000713100000, 0x0000000713100000|
| 306|0x0000000713200000, 0x0000000713200000, 0x0000000713300000|  0%| F|  |TS139|AC  0|TAMS 0x0000000713200000, 0x0000000713200000|
| 307|0x0000000713300000, 0x0000000713300000, 0x0000000713400000|  0%| F|  |TS139|AC  0|TAMS 0x0000000713300000, 0x0000000713300000|
| 308|0x0000000713400000, 0x0000000713400000, 0x0000000713500000|  0%| F|  |TS139|AC  0|TAMS 0x0000000713400000, 0x0000000713400000|
| 309|0x0000000713500000, 0x0000000713500000, 0x0000000713600000|  0%| F|  |TS139|AC  0|TAMS 0x0000000713500000, 0x0000000713500000|
| 310|0x0000000713600000, 0x0000000713600000, 0x0000000713700000|  0%| F|  |TS139|AC  0|TAMS 0x0000000713600000, 0x0000000713600000|
| 311|0x0000000713700000, 0x0000000713700000, 0x0000000713800000|  0%| F|  |TS139|AC  0|TAMS 0x0000000713700000, 0x0000000713700000|
| 312|0x0000000713800000, 0x0000000713800000, 0x0000000713900000|  0%| F|  |TS139|AC  0|TAMS 0x0000000713800000, 0x0000000713800000|
| 313|0x0000000713900000, 0x0000000713900000, 0x0000000713a00000|  0%| F|  |TS139|AC  0|TAMS 0x0000000713900000, 0x0000000713900000|
| 314|0x0000000713a00000, 0x0000000713a00000, 0x0000000713b00000|  0%| F|  |TS139|AC  0|TAMS 0x0000000713a00000, 0x0000000713a00000|
| 315|0x0000000713b00000, 0x0000000713b00000, 0x0000000713c00000|  0%| F|  |TS139|AC  0|TAMS 0x0000000713b00000, 0x0000000713b00000|
| 316|0x0000000713c00000, 0x0000000713c00000, 0x0000000713d00000|  0%| F|  |TS139|AC  0|TAMS 0x0000000713c00000, 0x0000000713c00000|
| 317|0x0000000713d00000, 0x0000000713d00000, 0x0000000713e00000|  0%| F|  |TS139|AC  0|TAMS 0x0000000713d00000, 0x0000000713d00000|
| 318|0x0000000713e00000, 0x0000000713e00000, 0x0000000713f00000|  0%| F|  |TS139|AC  0|TAMS 0x0000000713e00000, 0x0000000713e00000|
| 319|0x0000000713f00000, 0x0000000713f00000, 0x0000000714000000|  0%| F|  |TS139|AC  0|TAMS 0x0000000713f00000, 0x0000000713f00000|
| 320|0x0000000714000000, 0x000000071401adf0, 0x0000000714100000| 10%| E|  |TS139|AC  0|TAMS 0x0000000714000000, 0x0000000714000000|
| 321|0x0000000714100000, 0x0000000714200000, 0x0000000714200000|100%| E|CS|TS139|AC  0|TAMS 0x0000000714100000, 0x0000000714100000|
| 322|0x0000000714200000, 0x0000000714300000, 0x0000000714300000|100%| E|CS|TS139|AC  0|TAMS 0x0000000714200000, 0x0000000714200000|
| 323|0x0000000714300000, 0x0000000714400000, 0x0000000714400000|100%| E|CS|TS139|AC  0|TAMS 0x0000000714300000, 0x0000000714300000|
| 324|0x0000000714400000, 0x0000000714500000, 0x0000000714500000|100%| E|CS|TS139|AC  0|TAMS 0x0000000714400000, 0x0000000714400000|
| 325|0x0000000714500000, 0x0000000714600000, 0x0000000714600000|100%| E|CS|TS139|AC  0|TAMS 0x0000000714500000, 0x0000000714500000|
| 326|0x0000000714600000, 0x0000000714700000, 0x0000000714700000|100%| E|CS|TS139|AC  0|TAMS 0x0000000714600000, 0x0000000714600000|
| 327|0x0000000714700000, 0x0000000714800000, 0x0000000714800000|100%| E|CS|TS139|AC  0|TAMS 0x0000000714700000, 0x0000000714700000|
| 328|0x0000000714800000, 0x0000000714900000, 0x0000000714900000|100%| E|CS|TS139|AC  0|TAMS 0x0000000714800000, 0x0000000714800000|
| 329|0x0000000714900000, 0x0000000714a00000, 0x0000000714a00000|100%| E|CS|TS139|AC  0|TAMS 0x0000000714900000, 0x0000000714900000|
| 330|0x0000000714a00000, 0x0000000714b00000, 0x0000000714b00000|100%| E|CS|TS139|AC  0|TAMS 0x0000000714a00000, 0x0000000714a00000|
| 331|0x0000000714b00000, 0x0000000714c00000, 0x0000000714c00000|100%| E|CS|TS139|AC  0|TAMS 0x0000000714b00000, 0x0000000714b00000|
| 332|0x0000000714c00000, 0x0000000714d00000, 0x0000000714d00000|100%| E|CS|TS139|AC  0|TAMS 0x0000000714c00000, 0x0000000714c00000|
| 333|0x0000000714d00000, 0x0000000714e00000, 0x0000000714e00000|100%| E|CS|TS139|AC  0|TAMS 0x0000000714d00000, 0x0000000714d00000|
| 334|0x0000000714e00000, 0x0000000714f00000, 0x0000000714f00000|100%| E|CS|TS139|AC  0|TAMS 0x0000000714e00000, 0x0000000714e00000|
| 335|0x0000000714f00000, 0x0000000715000000, 0x0000000715000000|100%| E|CS|TS139|AC  0|TAMS 0x0000000714f00000, 0x0000000714f00000|
| 336|0x0000000715000000, 0x0000000715100000, 0x0000000715100000|100%| E|CS|TS139|AC  0|TAMS 0x0000000715000000, 0x0000000715000000|
| 337|0x0000000715100000, 0x0000000715200000, 0x0000000715200000|100%| E|CS|TS139|AC  0|TAMS 0x0000000715100000, 0x0000000715100000|
| 338|0x0000000715200000, 0x0000000715300000, 0x0000000715300000|100%| E|CS|TS139|AC  0|TAMS 0x0000000715200000, 0x0000000715200000|
| 339|0x0000000715300000, 0x0000000715400000, 0x0000000715400000|100%| E|CS|TS139|AC  0|TAMS 0x0000000715300000, 0x0000000715300000|
| 340|0x0000000715400000, 0x0000000715500000, 0x0000000715500000|100%| E|CS|TS139|AC  0|TAMS 0x0000000715400000, 0x0000000715400000|
| 341|0x0000000715500000, 0x0000000715600000, 0x0000000715600000|100%| E|CS|TS139|AC  0|TAMS 0x0000000715500000, 0x0000000715500000|
| 342|0x0000000715600000, 0x0000000715700000, 0x0000000715700000|100%| E|CS|TS139|AC  0|TAMS 0x0000000715600000, 0x0000000715600000|
| 343|0x0000000715700000, 0x0000000715800000, 0x0000000715800000|100%| E|CS|TS139|AC  0|TAMS 0x0000000715700000, 0x0000000715700000|

Card table byte_map: [0x00000213e6d00000,0x00000213e7300000] byte_map_base: 0x00000213e3500000

Marking Bits (Prev, Next): (CMBitMap*) 0x00000213cada4088, (CMBitMap*) 0x00000213cada4050
 Prev Bits: [0x00000213ea900000, 0x00000213ed900000)
 Next Bits: [0x00000213e7900000, 0x00000213ea900000)

Polling page: 0x00000213c6ac0000

CodeHeap 'non-profiled nmethods': size=120064Kb used=26756Kb max_used=26756Kb free=93307Kb
 bounds [0x00000213de880000, 0x00000213e02b0000, 0x00000213e5dc0000]
CodeHeap 'profiled nmethods': size=120000Kb used=49107Kb max_used=52845Kb free=70892Kb
 bounds [0x00000213d7350000, 0x00000213da7a0000, 0x00000213de880000]
CodeHeap 'non-nmethods': size=5696Kb used=1874Kb max_used=1936Kb free=3821Kb
 bounds [0x00000213d6dc0000, 0x00000213d7030000, 0x00000213d7350000]
 total_blobs=41905 nmethods=20377 adapters=1247
 compilation: enabled

Compilation events (10 events):
Event: 9696.357 Thread 0x00000213cae22800 28374       4       ui.data.design.X::equals (46 bytes)
Event: 9696.359 Thread 0x00000213cae22800 nmethod 28374 0x00000213e02a6290 code [0x00000213e02a6440, 0x00000213e02a6588]
Event: 9696.360 Thread 0x00000213ccf47800 28375       3       ui.data.timing.ah::rn (9 bytes)
Event: 9696.360 Thread 0x00000213ccf47800 nmethod 28375 0x00000213d8a78410 code [0x00000213d8a785c0, 0x00000213d8a78750]
Event: 9696.396 Thread 0x00000213cae21800 28377       4       ui.data.design.X::equals (46 bytes)
Event: 9696.396 Thread 0x00000213ccf47800 28378       3       ui.views.T.h.c::getRowCount (23 bytes)
Event: 9696.396 Thread 0x00000213ccf47800 nmethod 28378 0x00000213d8b3aa10 code [0x00000213d8b3abe0, 0x00000213d8b3ae50]
Event: 9696.396 Thread 0x00000213ccf47800 28379       3       ui.views.T.h.d::bG (9 bytes)
Event: 9696.397 Thread 0x00000213ccf47800 nmethod 28379 0x00000213d8d32510 code [0x00000213d8d32780, 0x00000213d8d33040]
Event: 9696.399 Thread 0x00000213cae21800 nmethod 28377 0x00000213e02a6b90 code [0x00000213e02a6d40, 0x00000213e02a6ea8]

GC Heap History (10 events):
Event: 9687.215 GC heap before
{Heap before GC invocations=900 (full 101):
 garbage-first heap   total 352256K, used 193322K [0x0000000700000000, 0x0000000700100ac0, 0x00000007c0000000)
  region size 1024K, 60 young (61440K), 4 survivors (4096K)
 Metaspace       used 97747K, capacity 100404K, committed 103600K, reserved 1138688K
  class space    used 13560K, capacity 14092K, committed 14768K, reserved 1048576K
}
Event: 9687.222 GC heap after
{Heap after GC invocations=901 (full 101):
 garbage-first heap   total 352256K, used 136184K [0x0000000700000000, 0x0000000700100ac0, 0x00000007c0000000)
  region size 1024K, 4 young (4096K), 4 survivors (4096K)
 Metaspace       used 97747K, capacity 100404K, committed 103600K, reserved 1138688K
  class space    used 13560K, capacity 14092K, committed 14768K, reserved 1048576K
}
Event: 9689.769 GC heap before
{Heap before GC invocations=901 (full 101):
 garbage-first heap   total 352256K, used 193528K [0x0000000700000000, 0x0000000700100ac0, 0x00000007c0000000)
  region size 1024K, 60 young (61440K), 4 survivors (4096K)
 Metaspace       used 97747K, capacity 100404K, committed 103600K, reserved 1138688K
  class space    used 13560K, capacity 14092K, committed 14768K, reserved 1048576K
}
Event: 9689.776 GC heap after
{Heap after GC invocations=902 (full 101):
 garbage-first heap   total 352256K, used 136480K [0x0000000700000000, 0x0000000700100ac0, 0x00000007c0000000)
  region size 1024K, 4 young (4096K), 4 survivors (4096K)
 Metaspace       used 97747K, capacity 100404K, committed 103600K, reserved 1138688K
  class space    used 13560K, capacity 14092K, committed 14768K, reserved 1048576K
}
Event: 9691.872 GC heap before
{Heap before GC invocations=902 (full 101):
 garbage-first heap   total 352256K, used 193824K [0x0000000700000000, 0x0000000700100ac0, 0x00000007c0000000)
  region size 1024K, 60 young (61440K), 4 survivors (4096K)
 Metaspace       used 97747K, capacity 100404K, committed 103600K, reserved 1138688K
  class space    used 13560K, capacity 14092K, committed 14768K, reserved 1048576K
}
Event: 9691.878 GC heap after
{Heap after GC invocations=903 (full 101):
 garbage-first heap   total 352256K, used 136296K [0x0000000700000000, 0x0000000700100ac0, 0x00000007c0000000)
  region size 1024K, 4 young (4096K), 4 survivors (4096K)
 Metaspace       used 97747K, capacity 100404K, committed 103600K, reserved 1138688K
  class space    used 13560K, capacity 14092K, committed 14768K, reserved 1048576K
}
Event: 9692.896 GC heap before
{Heap before GC invocations=903 (full 101):
 garbage-first heap   total 352256K, used 193640K [0x0000000700000000, 0x0000000700100ac0, 0x00000007c0000000)
  region size 1024K, 60 young (61440K), 4 survivors (4096K)
 Metaspace       used 97748K, capacity 100404K, committed 103600K, reserved 1138688K
  class space    used 13560K, capacity 14092K, committed 14768K, reserved 1048576K
}
Event: 9692.901 GC heap after
{Heap after GC invocations=904 (full 101):
 garbage-first heap   total 352256K, used 135716K [0x0000000700000000, 0x0000000700100ac0, 0x00000007c0000000)
  region size 1024K, 4 young (4096K), 4 survivors (4096K)
 Metaspace       used 97748K, capacity 100404K, committed 103600K, reserved 1138688K
  class space    used 13560K, capacity 14092K, committed 14768K, reserved 1048576K
}
Event: 9693.559 GC heap before
{Heap before GC invocations=904 (full 101):
 garbage-first heap   total 352256K, used 193060K [0x0000000700000000, 0x0000000700100ac0, 0x00000007c0000000)
  region size 1024K, 60 young (61440K), 4 survivors (4096K)
 Metaspace       used 97748K, capacity 100404K, committed 103600K, reserved 1138688K
  class space    used 13560K, capacity 14092K, committed 14768K, reserved 1048576K
}
Event: 9693.564 GC heap after
{Heap after GC invocations=905 (full 101):
 garbage-first heap   total 352256K, used 134984K [0x0000000700000000, 0x0000000700100ac0, 0x00000007c0000000)
  region size 1024K, 3 young (3072K), 3 survivors (3072K)
 Metaspace       used 97748K, capacity 100404K, committed 103600K, reserved 1138688K
  class space    used 13560K, capacity 14092K, committed 14768K, reserved 1048576K
}

Deoptimization events (10 events):
Event: 9687.634 Thread 0x00000213f1f7f000 Uncommon trap: reason=class_check action=maybe_recompile pc=0x00000213dffd6520 method=ui.views.N.F.fYA()Lui/data/signal/i; @ 11 c2
Event: 9687.634 Thread 0x00000213f1f7f000 Uncommon trap: reason=class_check action=maybe_recompile pc=0x00000213e00b58a8 method=ui.views.N.F.fYA()Lui/data/signal/i; @ 11 c2
Event: 9687.635 Thread 0x00000213f1f7f000 Uncommon trap: reason=class_check action=maybe_recompile pc=0x00000213e0220ad0 method=ui.views.N.F.fYA()Lui/data/signal/i; @ 11 c2
Event: 9694.898 Thread 0x00000213f1f7f000 Uncommon trap: reason=unstable_if action=reinterpret pc=0x00000213e024482c method=ui.views.N.F.isCellEditable(I)Z @ 3 c2
Event: 9695.079 Thread 0x00000213f1f7f000 Uncommon trap: reason=unstable_if action=reinterpret pc=0x00000213e023eec8 method=javax.swing.JComboBox.fireItemStateChanged(Ljava/awt/event/ItemEvent;)V @ 23 c2
Event: 9695.079 Thread 0x00000213f1f7f000 Uncommon trap: reason=speculate_class_check action=maybe_recompile pc=0x00000213e022f830 method=javax.swing.JComboBox.contentsChanged(Ljavax/swing/event/ListDataEvent;)V @ 39 c2
Event: 9695.081 Thread 0x00000213f1f7f000 Uncommon trap: reason=speculate_class_check action=maybe_recompile pc=0x00000213e022f830 method=javax.swing.JComboBox.contentsChanged(Ljavax/swing/event/ListDataEvent;)V @ 39 c2
Event: 9695.082 Thread 0x00000213f1f7f000 Uncommon trap: reason=unstable_if action=reinterpret pc=0x00000213e022f83c method=javax.swing.JComboBox.contentsChanged(Ljavax/swing/event/ListDataEvent;)V @ 35 c2
Event: 9695.152 Thread 0x00000213f1f7f000 Uncommon trap: reason=class_check action=maybe_recompile pc=0x00000213e01166c4 method=javax.swing.DefaultListCellRenderer.isOpaque()Z @ 29 c2
Event: 9696.359 Thread 0x00000213f1f7f000 Uncommon trap: reason=null_check action=make_not_entrant pc=0x00000213e02a6540 method=ui.data.design.X.equals(Ljava/lang/Object;)Z @ 1 c2

Classes redefined (0 events):
No events

Internal exceptions (10 events):
Event: 8216.529 Thread 0x00000213f1f7f000 Exception <a 'java/io/FileNotFoundException'{0x000000071238baf0}> (0x000000071238baf0) thrown at [t:/workspace/hotspot/src/share/vm/prims/jni.cpp, line 604]
Event: 8221.530 Thread 0x00000213f1f7f000 Exception <a 'java/io/FileNotFoundException'{0x000000071434a5f0}> (0x000000071434a5f0) thrown at [t:/workspace/hotspot/src/share/vm/prims/jni.cpp, line 604]
Event: 8226.531 Thread 0x00000213f1f7f000 Exception <a 'java/io/FileNotFoundException'{0x00000007141c1ed0}> (0x00000007141c1ed0) thrown at [t:/workspace/hotspot/src/share/vm/prims/jni.cpp, line 604]
Event: 8231.533 Thread 0x00000213f1f7f000 Exception <a 'java/io/FileNotFoundException'{0x0000000713e7ae60}> (0x0000000713e7ae60) thrown at [t:/workspace/hotspot/src/share/vm/prims/jni.cpp, line 604]
Event: 8236.535 Thread 0x00000213f1f7f000 Exception <a 'java/io/FileNotFoundException'{0x00000007139aeb88}> (0x00000007139aeb88) thrown at [t:/workspace/hotspot/src/share/vm/prims/jni.cpp, line 604]
Event: 8241.535 Thread 0x00000213f1f7f000 Exception <a 'java/io/FileNotFoundException'{0x00000007137bba28}> (0x00000007137bba28) thrown at [t:/workspace/hotspot/src/share/vm/prims/jni.cpp, line 604]
Event: 8322.098 Thread 0x00000213f344a000 Exception <a 'java/lang/InterruptedException'{0x0000000714e88000}: sleep interrupted> (0x0000000714e88000) thrown at [t:/workspace/hotspot/src/share/vm/prims/jvm.cpp, line 2984]
Event: 9442.522 Thread 0x00000213f344a000 Exception <a 'ui/frmwork/CommandFailedException'{0x00000007156042f0}> (0x00000007156042f0) thrown at [t:/workspace/hotspot/src/share/vm/prims/jni.cpp, line 604]
Event: 9695.047 Thread 0x00000213f1f7f000 Exception <a 'java/io/FileNotFoundException'{0x0000000714b4d640}> (0x0000000714b4d640) thrown at [t:/workspace/hotspot/src/share/vm/prims/jni.cpp, line 604]
Event: 9696.359 Thread 0x00000213f1f7f000 Implicit null exception at 0x00000213e02a6473 to 0x00000213e02a6531

Events (10 events):
Event: 9696.292 Thread 0x00000213f344a000 Thread added: 0x00000213f344a000
Event: 9696.297 Executing VM operation: RevokeBias
Event: 9696.297 Executing VM operation: RevokeBias done
Event: 9696.298 Executing VM operation: RevokeBias
Event: 9696.298 Executing VM operation: RevokeBias done
Event: 9696.310 Executing VM operation: BulkRevokeBias
Event: 9696.310 Executing VM operation: BulkRevokeBias done
Event: 9696.359 Thread 0x00000213f1f7f000 Uncommon trap: trap_request=0xfffffff4 fr.pc=0x00000213e02a6540 relative=0x0000000000000100
Event: 9696.359 Thread 0x00000213f1f7f000 DEOPT PACKING pc=0x00000213e02a6540 sp=0x000000f1d77f3170
Event: 9696.359 Thread 0x00000213f1f7f000 DEOPT UNPACKING pc=0x00000213d6e0df29 sp=0x000000f1d77f3120 mode 2


Dynamic libraries:
0x00007ff6a4a30000 - 0x00007ff6a4a60000 	E:\vivado2018_3\Vivado\2018.3\bin\unwrapped\win64.o\vivado.exe
0x00007ffcd6230000 - 0x00007ffcd6425000 	C:\Windows\SYSTEM32\ntdll.dll
0x00007ffcd53d0000 - 0x00007ffcd548e000 	C:\Windows\System32\KERNEL32.DLL
0x00007ffcd3ae0000 - 0x00007ffcd3da9000 	C:\Windows\System32\KERNELBASE.dll
0x00007ffcd3e60000 - 0x00007ffcd3f60000 	C:\Windows\System32\ucrtbase.dll
0x00007ffcbd4d0000 - 0x00007ffcbd576000 	C:\Windows\SYSTEM32\MSVCP140.dll
0x00007ffcbfdb0000 - 0x00007ffcbfdc6000 	C:\Windows\SYSTEM32\VCRUNTIME140.dll
0x00007ffc8db60000 - 0x00007ffc8db74000 	E:\vivado2018_3\Vivado\2018.3\lib\win64.o\libboost_signals.dll
0x00007ffc8d1f0000 - 0x00007ffc8d204000 	E:\vivado2018_3\Vivado\2018.3\lib\win64.o\librdi_commonmain.dll
0x00007ffcb6930000 - 0x00007ffcb693a000 	E:\vivado2018_3\Vivado\2018.3\lib\win64.o\librdi_commonversion.dll
0x00007ffc8d1c0000 - 0x00007ffc8d1e6000 	E:\vivado2018_3\Vivado\2018.3\lib\win64.o\libboost_filesystem.dll
0x00007ffcd49b0000 - 0x00007ffcd4a5c000 	C:\Windows\System32\ADVAPI32.dll
0x00007ffcd5f90000 - 0x00007ffcd602e000 	C:\Windows\System32\msvcrt.dll
0x00007ffcd4910000 - 0x00007ffcd49ab000 	C:\Windows\System32\sechost.dll
0x00007ffcd5010000 - 0x00007ffcd513a000 	C:\Windows\System32\RPCRT4.dll
0x00007ffc8c320000 - 0x00007ffc8d1b4000 	E:\vivado2018_3\Vivado\2018.3\lib\win64.o\librdi_common.dll
0x00007ffcd46e0000 - 0x00007ffcd4881000 	C:\Windows\System32\USER32.dll
0x00007ffcd3ab0000 - 0x00007ffcd3ad2000 	C:\Windows\System32\win32u.dll
0x00007ffcd5f00000 - 0x00007ffcd5f2b000 	C:\Windows\System32\GDI32.dll
0x00007ffcd4170000 - 0x00007ffcd427b000 	C:\Windows\System32\gdi32full.dll
0x00007ffcd3f60000 - 0x00007ffcd3ffd000 	C:\Windows\System32\msvcp_win.dll
0x00007ffcd56e0000 - 0x00007ffcd5e1f000 	C:\Windows\System32\SHELL32.dll
0x00007ffc8c1f0000 - 0x00007ffc8c311000 	E:\vivado2018_3\Vivado\2018.3\lib\win64.o\librdi_commonxillic.dll
0x00007ffcb58f0000 - 0x00007ffcb58fb000 	E:\vivado2018_3\Vivado\2018.3\lib\win64.o\libboost_system.dll
0x0000000052930000 - 0x0000000052a5b000 	E:\vivado2018_3\Vivado\2018.3\lib\win64.o\tcl85t.dll
0x00007ffcd4310000 - 0x00007ffcd437b000 	C:\Windows\System32\WS2_32.dll
0x00007ffc8be80000 - 0x00007ffc8c1ee000 	E:\vivado2018_3\Vivado\2018.3\lib\win64.o\libCOIN-all.dll
0x00007ffc8be60000 - 0x00007ffc8be74000 	E:\vivado2018_3\Vivado\2018.3\lib\win64.o\libboost_date_time.dll
0x00007ffc8bba0000 - 0x00007ffc8be55000 	E:\vivado2018_3\Vivado\2018.3\lib\win64.o\libXil_lmgr11.dll
0x00007ffcd5e20000 - 0x00007ffcd5efa000 	C:\Windows\System32\COMDLG32.dll
0x00007ffcd4380000 - 0x00007ffcd46d5000 	C:\Windows\System32\combase.dll
0x00007ffcd54a0000 - 0x00007ffcd554d000 	C:\Windows\System32\shcore.dll
0x00007ffcd5670000 - 0x00007ffcd56c5000 	C:\Windows\System32\SHLWAPI.dll
0x00007ffcd52d0000 - 0x00007ffcd539d000 	C:\Windows\System32\OLEAUT32.dll
0x00007ffcd4a60000 - 0x00007ffcd4b8a000 	C:\Windows\System32\ole32.dll
0x00007ffcd4000000 - 0x00007ffcd4060000 	C:\Windows\System32\WINTRUST.dll
0x00007ffcd3950000 - 0x00007ffcd3aa6000 	C:\Windows\System32\CRYPT32.dll
0x00007ffc8bb20000 - 0x00007ffc8bb9f000 	E:\vivado2018_3\Vivado\2018.3\lib\win64.o\libboost_program_options.dll
0x00007ffcb4fb0000 - 0x00007ffcb4fbf000 	E:\vivado2018_3\Vivado\2018.3\lib\win64.o\libboost_xilinx.dll
0x00007ffc8b9d0000 - 0x00007ffc8b9f1000 	E:\vivado2018_3\Vivado\2018.3\lib\win64.o\libboost_thread.dll
0x00007ffc8ba00000 - 0x00007ffc8bb14000 	E:\vivado2018_3\Vivado\2018.3\lib\win64.o\libboost_regex.dll
0x00007ffc8b940000 - 0x00007ffc8b9c2000 	E:\vivado2018_3\Vivado\2018.3\lib\win64.o\libhdlpsolve.dll
0x00007ffc8b910000 - 0x00007ffc8b93e000 	E:\vivado2018_3\Vivado\2018.3\lib\win64.o\libisl_sysinfo.dll
0x00007ffc8b800000 - 0x00007ffc8b8a5000 	E:\vivado2018_3\Vivado\2018.3\lib\win64.o\libhdxml.dll
0x00007ffc8b790000 - 0x00007ffc8b7f5000 	E:\vivado2018_3\Vivado\2018.3\lib\win64.o\liblmx6.0.dll
0x00007ffc8b770000 - 0x00007ffc8b78a000 	E:\vivado2018_3\Vivado\2018.3\lib\win64.o\pthreadVC2.dll
0x00007ffc8b750000 - 0x00007ffc8b76c000 	E:\vivado2018_3\Vivado\2018.3\lib\win64.o\librdiconfig.dll
0x00007ffcbd5b0000 - 0x00007ffcbd5c8000 	C:\Windows\SYSTEM32\NETAPI32.dll
0x00007ffcc1f70000 - 0x00007ffcc2440000 	C:\Windows\SYSTEM32\WININET.dll
0x00007ffccbb50000 - 0x00007ffccbc58000 	C:\Windows\SYSTEM32\WINHTTP.dll
0x00007ffcc87e0000 - 0x00007ffcc89cb000 	C:\Windows\SYSTEM32\urlmon.dll
0x00007ffc8b720000 - 0x00007ffc8b741000 	E:\vivado2018_3\Vivado\2018.3\lib\win64.o\librdizlib.dll
0x00007ffc96580000 - 0x00007ffc96589000 	C:\Windows\SYSTEM32\WSOCK32.dll
0x00007ffc8b6f0000 - 0x00007ffc8b717000 	C:\Windows\SYSTEM32\VCOMP140.DLL
0x00007ffcc4db0000 - 0x00007ffcc4e60000 	C:\Windows\WinSxS\amd64_microsoft.windows.common-controls_6595b64144ccf1df_5.82.19041.1110_none_792d1c772443f647\COMCTL32.dll
0x00007ffccda00000 - 0x00007ffccda1d000 	C:\Windows\SYSTEM32\dhcpcsvc.DLL
0x00007ffc94080000 - 0x00007ffc9408d000 	E:\vivado2018_3\Vivado\2018.3\lib\win64.o\libboost_chrono.dll
0x00007ffcc4f10000 - 0x00007ffcc51c0000 	C:\Windows\SYSTEM32\iertutil.dll
0x00007ffcc87b0000 - 0x00007ffcc87d8000 	C:\Windows\SYSTEM32\srvcli.dll
0x00007ffcd2eb0000 - 0x00007ffcd2ebc000 	C:\Windows\SYSTEM32\netutils.dll
0x00007ffc8a770000 - 0x00007ffc8b601000 	E:\vivado2018_3\Vivado\2018.3\lib\win64.o\gurobi65.dll
0x0000000012000000 - 0x0000000012272000 	E:\vivado2018_3\Vivado\2018.3\lib\win64.o\xerces-c_3_1.dll
0x00007ffc89dc0000 - 0x00007ffc8a60e600 	E:\vivado2018_3\Vivado\2018.3\lib\win64.o\libisl_iostreams.dll
0x00007ffc89d90000 - 0x00007ffc89db5000 	E:\vivado2018_3\Vivado\2018.3\lib\win64.o\libisl_iosutils.dll
0x00007ffc89d70000 - 0x00007ffc89d8b000 	E:\vivado2018_3\Vivado\2018.3\lib\win64.o\libboost_iostreams.dll
0x00007ffcd53a0000 - 0x00007ffcd53d0000 	C:\Windows\System32\IMM32.DLL
0x00007ffcd3530000 - 0x00007ffcd3542000 	C:\Windows\SYSTEM32\MSASN1.dll
0x00007ffcd1870000 - 0x00007ffcd1882000 	C:\Windows\SYSTEM32\kernel.appcore.dll
0x00007ffc89870000 - 0x00007ffc89d65000 	E:\vivado2018_3\Vivado\2018.3\lib\win64.o\librdi_commontasks.dll
0x00007ffccdd60000 - 0x00007ffccdd6a000 	C:\Windows\SYSTEM32\VERSION.dll
0x00007ffc895f0000 - 0x00007ffc8986f000 	E:\vivado2018_3\Vivado\2018.3\lib\win64.o\librdi_sio.dll
0x00007ffcd2da0000 - 0x00007ffcd2ddb000 	C:\Windows\SYSTEM32\IPHLPAPI.DLL
0x0000000051a50000 - 0x0000000052475000 	E:\vivado2018_3\Vivado\2018.3\tps\win64\jre9.0.4\bin\server\jvm.dll
0x00007ffcd61e0000 - 0x00007ffcd61e8000 	C:\Windows\System32\PSAPI.DLL
0x00007ffccd2d0000 - 0x00007ffccd2f7000 	C:\Windows\SYSTEM32\WINMM.dll
0x00007ffc89500000 - 0x00007ffc895ef000 	C:\Windows\SYSTEM32\MSVCR120.dll
0x00007ffcd3100000 - 0x00007ffcd316a000 	C:\Windows\SYSTEM32\MSWSOCK.DLL
0x00007ffcd1a70000 - 0x00007ffcd2200000 	C:\Windows\SYSTEM32\windows.storage.dll
0x00007ffcd33a0000 - 0x00007ffcd33cc000 	C:\Windows\SYSTEM32\Wldp.dll
0x00007ffc87130000 - 0x00007ffc894f2000 	E:\vivado2018_3\Vivado\2018.3\lib\win64.o\librdi_tcltasks.dll
0x00007ffc87050000 - 0x00007ffc8712c000 	E:\vivado2018_3\Vivado\2018.3\lib\win64.o\librdi_chipscope.dll
0x00007ffc86c70000 - 0x00007ffc8704c000 	E:\vivado2018_3\Vivado\2018.3\lib\win64.o\librdi_bitstream.dll
0x00007ffc86a80000 - 0x00007ffc86aea000 	E:\vivado2018_3\Vivado\2018.3\lib\win64.o\librdi_boarddep.dll
0x00007ffc86af0000 - 0x00007ffc86c6e000 	E:\vivado2018_3\Vivado\2018.3\lib\win64.o\librdi_board.dll
0x00007ffc86930000 - 0x00007ffc86a78000 	E:\vivado2018_3\Vivado\2018.3\lib\win64.o\librdi_containers.dll
0x00007ffc86770000 - 0x00007ffc86929000 	E:\vivado2018_3\Vivado\2018.3\lib\win64.o\librdi_chipscopeimpl.dll
0x00007ffc84e60000 - 0x00007ffc86765000 	E:\vivado2018_3\Vivado\2018.3\lib\win64.o\librdi_constraints.dll
0x00007ffc82960000 - 0x00007ffc8303a000 	E:\vivado2018_3\Vivado\2018.3\lib\win64.o\librdi_coregenipxact.dll
0x00007ffc83040000 - 0x00007ffc84e5f000 	E:\vivado2018_3\Vivado\2018.3\lib\win64.o\librdi_coregen.dll
0x00007ffc7eb60000 - 0x00007ffc8295b000 	E:\vivado2018_3\Vivado\2018.3\lib\win64.o\librdi_designutils.dll
0x00007ffc7e600000 - 0x00007ffc7eb60000 	E:\vivado2018_3\Vivado\2018.3\lib\win64.o\librdi_drc.dll
0x00007ffc7e530000 - 0x00007ffc7e5f2000 	E:\vivado2018_3\Vivado\2018.3\lib\win64.o\librdi_dsp.dll
0x00007ffc7e210000 - 0x00007ffc7e52b000 	E:\vivado2018_3\Vivado\2018.3\lib\win64.o\librdi_dlyest.dll
0x00007ffc6d4b0000 - 0x00007ffc7e202000 	E:\vivado2018_3\Vivado\2018.3\lib\win64.o\librdi_device.dll
0x00007ffc6d450000 - 0x00007ffc6d4ad000 	E:\vivado2018_3\Vivado\2018.3\lib\win64.o\librdi_hdf.dll
0x00007ffc6d170000 - 0x00007ffc6d44a000 	E:\vivado2018_3\Vivado\2018.3\lib\win64.o\librdi_guitools.dll
0x00007ffc6cb30000 - 0x00007ffc6d16f000 	E:\vivado2018_3\Vivado\2018.3\lib\win64.o\librdi_filemgmt.dll
0x00007ffc6b790000 - 0x00007ffc6cb21000 	E:\vivado2018_3\Vivado\2018.3\lib\win64.o\librdi_implflow.dll
0x00007ffc6b170000 - 0x00007ffc6b785000 	E:\vivado2018_3\Vivado\2018.3\lib\win64.o\librdi_memdata.dll
0x00007ffc6b0f0000 - 0x00007ffc6b161000 	E:\vivado2018_3\Vivado\2018.3\lib\win64.o\librdi_memoryarray.dll
0x00007ffc67740000 - 0x00007ffc6b0ec000 	E:\vivado2018_3\Vivado\2018.3\lib\win64.o\librdi_mig.dll
0x00007ffc676f0000 - 0x00007ffc67740000 	E:\vivado2018_3\Vivado\2018.3\lib\win64.o\librdi_pfi.dll
0x00007ffc670b0000 - 0x00007ffc676eb000 	E:\vivado2018_3\Vivado\2018.3\lib\win64.o\librdi_netlist.dll
0x00007ffc64880000 - 0x00007ffc64b87000 	E:\vivado2018_3\Vivado\2018.3\lib\win64.o\librdi_platform.dll
0x00007ffc64180000 - 0x00007ffc64875000 	E:\vivado2018_3\Vivado\2018.3\lib\win64.o\librdi_power.dll
0x00007ffc64b90000 - 0x00007ffc670a4000 	E:\vivado2018_3\Vivado\2018.3\lib\win64.o\librdi_place.dll
0x00007ffc63c20000 - 0x00007ffc64176000 	E:\vivado2018_3\Vivado\2018.3\lib\win64.o\librdi_project.dll
0x00007ffc63520000 - 0x00007ffc63c13000 	E:\vivado2018_3\Vivado\2018.3\lib\win64.o\librdi_psta.dll
0x00007ffc63140000 - 0x00007ffc63517000 	E:\vivado2018_3\Vivado\2018.3\lib\win64.o\librdi_runs.dll
0x00007ffc62a60000 - 0x00007ffc63139000 	E:\vivado2018_3\Vivado\2018.3\lib\win64.o\librdi_rsb.dll
0x00007ffc62980000 - 0x00007ffc62a58000 	E:\vivado2018_3\Vivado\2018.3\lib\win64.o\librdi_runsbase.dll
0x00007ffc62750000 - 0x00007ffc62978000 	E:\vivado2018_3\Vivado\2018.3\lib\win64.o\librdi_simdata.dll
0x00007ffc625f0000 - 0x00007ffc62744000 	E:\vivado2018_3\Vivado\2018.3\lib\win64.o\librdi_advchipscopeimpl.dll
0x00007ffc625a0000 - 0x00007ffc625ec000 	E:\vivado2018_3\Vivado\2018.3\lib\win64.o\libboost_serialization.dll
0x00007ffc61810000 - 0x00007ffc6259d000 	E:\vivado2018_3\Vivado\2018.3\lib\win64.o\librdi_timing.dll
0x00007ffc61750000 - 0x00007ffc61808000 	E:\vivado2018_3\Vivado\2018.3\lib\win64.o\librdi_hip_devdesign.dll
0x00007ffc61710000 - 0x00007ffc61748000 	E:\vivado2018_3\Vivado\2018.3\lib\win64.o\librdi_noc_frameworks.dll
0x00007ffc61660000 - 0x00007ffc6170b000 	E:\vivado2018_3\Vivado\2018.3\lib\win64.o\librdi_ipconfig_readwrite.dll
0x00007ffc612a0000 - 0x00007ffc61655000 	E:\vivado2018_3\Vivado\2018.3\lib\win64.o\librdi_hip_config.dll
0x00007ffc60d50000 - 0x00007ffc6129e000 	E:\vivado2018_3\Vivado\2018.3\lib\win64.o\librdi_xdm.dll
0x00007ffc60200000 - 0x00007ffc60d47000 	E:\vivado2018_3\Vivado\2018.3\lib\win64.o\libverific.dll
0x00007ffc5fc10000 - 0x00007ffc601f4000 	E:\vivado2018_3\Vivado\2018.3\lib\win64.o\librdi_wavedata.dll
0x00007ffc5fbc0000 - 0x00007ffc5fc09000 	E:\vivado2018_3\Vivado\2018.3\lib\win64.o\librdi_wavedata_SimpleApi.dll
0x00007ffc5fb20000 - 0x00007ffc5fbbe000 	E:\vivado2018_3\Vivado\2018.3\lib\win64.o\libise.dll
0x00007ffc5fab0000 - 0x00007ffc5fb13000 	E:\vivado2018_3\Vivado\2018.3\lib\win64.o\librdi_hip_mathengine.dll
0x00007ffc5fa20000 - 0x00007ffc5faa8000 	E:\vivado2018_3\Vivado\2018.3\lib\win64.o\librdi_meir_core.dll
0x00007ffc5c870000 - 0x00007ffc5cac0000 	E:\vivado2018_3\Vivado\2018.3\lib\win64.o\librdi_hsm.dll
0x00007ffc5cac0000 - 0x00007ffc5ea02000 	E:\vivado2018_3\Vivado\2018.3\lib\win64.o\librdi_synth.dll

VM Arguments:
jvm_args: -Dsun.java2d.pmoffscreen=false -Dsun.java2d.xrender=false -Dsun.java2d.d3d=false -Dsun.awt.nopixfmt=true -Dsun.java2d.dpiaware=true -Dsun.java2d.uiScale.enabled=false -Xverify:none -Dswing.aatext=true -XX:-UsePerfData -Djdk.map.althashing.threshold=512 -XX:StringTableSize=4072 --add-opens=java.base/java.nio=ALL-UNNAMED --add-opens=java.desktop/sun.swing=ALL-UNNAMED --add-opens=java.desktop/javax.swing=ALL-UNNAMED --add-opens=java.desktop/javax.swing.tree=ALL-UNNAMED --add-opens=java.desktop/javax.swing.plaf.basic=ALL-UNNAMED --add-opens=java.desktop/javax.swing.plaf.synth=ALL-UNNAMED --add-opens=java.desktop/com.sun.awt=ALL-UNNAMED -XX:NewSize=60m -XX:MaxNewSize=60m -Xms128m -Xmx3072m -Xss5m 
java_command: <unknown>
java_class_path (initial): E:/vivado2018_3/Vivado/2018.3\lib\classes\alloy.jar;E:/vivado2018_3/Vivado/2018.3\lib\classes\autopilot.scelaborator.jar;E:/vivado2018_3/Vivado/2018.3\lib\classes\autopilot.sourceprocessor.jar;E:/vivado2018_3/Vivado/2018.3\lib\classes\autopilot.tbprocessor.jar;E:/vivado2018_3/Vivado/2018.3\lib\classes\batik-anim.jar;E:/vivado2018_3/Vivado/2018.3\lib\classes\batik-awt-util.jar;E:/vivado2018_3/Vivado/2018.3\lib\classes\batik-bridge.jar;E:/vivado2018_3/Vivado/2018.3\lib\classes\batik-codec.jar;E:/vivado2018_3/Vivado/2018.3\lib\classes\batik-css.jar;E:/vivado2018_3/Vivado/2018.3\lib\classes\batik-dom.jar;E:/vivado2018_3/Vivado/2018.3\lib\classes\batik-ext.jar;E:/vivado2018_3/Vivado/2018.3\lib\classes\batik-gui-util.jar;E:/vivado2018_3/Vivado/2018.3\lib\classes\batik-gvt.jar;E:/vivado2018_3/Vivado/2018.3\lib\classes\batik-parser.jar;E:/vivado2018_3/Vivado/2018.3\lib\classes\batik-script.jar;E:/vivado2018_3/Vivado/2018.3\lib\classes\batik-svg-dom.jar;E:/vivado2018_3/Vivado/2018.3\lib\classes\batik-swing.jar;E:/vivado2018_3/Vivado/2018.3\lib\classes\batik-transcoder.jar;E:/vivado2018_3/Vivado/2018.3\lib\classes\batik-util.jar;E:/vivado2018_3/Vivado/2018.3\lib\classes\batik-xml.jar;E:/vivado2018_3/Vivado/2018.3\lib\classes\com.ibm.icu_4.4.2.v20110208.jar;E:/vivado2018_3/Vivado/2018.3\lib\classes\commons-collections4-4.1.jar;E:/vivado2018_3/Vivado/2018.3\lib\classes\commons-math-2.2.jar;E:/vivado2018_3/Vivado/2018.3\lib\classes\dom4j-1.6.1.jar;E:/vivado2018_3/Vivado/2018.3\lib\classes\guava-18.0.jar;E:/vivado2018_3/Vivado/2018.3\lib\classes\help.jar;E:/vivado2018_3/Vivado/2018.3\lib\classes\hsqldb.jar;E:/vivado2018_3/Vivado/2018.3\lib\classes\jargs.jar;E:/vivado2018_3/Vivado/2018.3\lib\classes\jaxb-api-2.3.0.jar;E:/vivado2018_3/Vivado/2018.3\lib\classes\jh.jar;E:/vivado2018_3/Vivado/2018.3\lib\classes\jide-action.jar;E:/vivado2018_3/Vivado/2018.3\lib\classes\jide-charts.jar;E:/vivado2018_3/Vivado/2018.3\lib\classes\jide-common.jar;E:/vivado2018_3
Launcher Type: generic

Logging:
Log output configuration:
#0: stdout all=warning uptime,level,tags
#1: stderr all=off uptime,level,tags

Environment Variables:
PATH=E:/vivado2018_3/Vivado/2018.3/bin;E:/vivado2018_3/Vivado/2018.3/lib/win64.o;E:/vivado2018_3/Vivado/2018.3/tps/win64/jre9.0.4/bin/server;E:/vivado2018_3/Vivado/2018.3/tps/win64/jre9.0.4/bin;E:/vivado2018_3/SDK/2018.3/bin;E:/vivado2018_3/Vivado/2018.3/ids_lite/ISE/bin/nt64;E:/vivado2018_3/Vivado/2018.3/ids_lite/ISE/lib/nt64;C:\Windows\system32;C:\Windows;C:\Windows\System32\Wbem;C:\Windows\System32\WindowsPowerShell\v1.0\;C:\Windows\System32\OpenSSH\;D:\anaconda3;D:\anaconda3\Scripts;D:\anaconda3\Library\bin;D:\texlive\2020\bin\win32;D:\Microsoft VS Code;D:\Microsoft VS Code\bin;D:\Git\Git\cmd;C:\Program Files (x86)\IVI Foundation\VISA\WinNT\Bin\;C:\Program Files\IVI Foundation\VISA\Win64\Bin\;D:\matlab2017\bin;C:\Users\lyjslay\AppData\Local\Microsoft\WindowsApps;;C:\Users\lyjslay\AppData\Local\Programs\Microsoft VS Code\bin;D:\Bandzip\;E:/vivado2018_3/Vivado/2018.3\tps\mingw\6.2.0\win64.o\nt\bin;E:/vivado2018_3/Vivado/2018.3\tps\mingw\6.2.0\win64.o\nt\libexec\gcc\x86_64-w64-mingw32\6.2.0
USERNAME=lyjslay
OS=Windows_NT
PROCESSOR_IDENTIFIER=Intel64 Family 6 Model 158 Stepping 10, GenuineIntel



---------------  S Y S T E M  ---------------

OS: Windows 10 , 64 bit Build 19041 (10.0.19041.1202)

CPU:total 6 (initial active 6) (6 cores per cpu, 1 threads per core) family 6 model 158 stepping 10, cmov, cx8, fxsr, mmx, sse, sse2, sse3, ssse3, sse4.1, sse4.2, popcnt, avx, avx2, aes, clmul, erms, 3dnowpref, lzcnt, tsc, tscinvbit, bmi1, bmi2, adx, fma

Memory: 4k page, physical 16724684k(8586540k free), swap 19215052k(6592280k free)

vm_info: Java HotSpot(TM) 64-Bit Server VM (9.0.4+11) for windows-amd64 JRE (9.0.4+11), built on Dec 20 2017 02:18:54 by "mach5one" with MS VC++ 12.0 (VS2013)

END.
