#-----------------------------------------------------------
# Vivado v2018.3 (64-bit)
# SW Build 2405991 on Thu Dec  6 23:38:27 MST 2018
# IP Build 2404404 on Fri Dec  7 01:43:56 MST 2018
# Start of session at: Sat Nov  6 19:32:24 2021
# Process ID: 15228
# Current directory: F:/DianSai/2021/CarrierWave
# Command line: vivado.exe F:\DianSai\2021\CarrierWave\CarrierWave.xpr
# Log file: F:/DianSai/2021/CarrierWave/vivado.log
# Journal file: F:/DianSai/2021/CarrierWave\vivado.jou
#-----------------------------------------------------------
start_gui
open_project F:/DianSai/2021/CarrierWave/CarrierWave.xpr
Scanning sources...
Finished scanning sources
INFO: [IP_Flow 19-234] Refreshing IP repositories
INFO: [IP_Flow 19-1704] No user IP repositories specified
INFO: [IP_Flow 19-2313] Loaded Vivado IP repository 'E:/vivado2018_3/Vivado/2018.3/data/ip'.
open_project: Time (s): cpu = 00:00:12 ; elapsed = 00:00:06 . Memory (MB): peak = 810.316 ; gain = 207.902
update_compile_order -fileset sources_1
exit
INFO: [Common 17-206] Exiting Vivado at Sat Nov  6 22:08:12 2021...
