INFO: [VRFC 10-2263] Analyzing Verilog file "F:/DianSai/2021/CarrierWave/CarrierWave.srcs/sources_1/ip/clk_wiz_0/clk_wiz_0_clk_wiz.v" into library xil_defaultlib
INFO: [VRFC 10-311] analyzing module clk_wiz_0_clk_wiz
INFO: [VRFC 10-2263] Analyzing Verilog file "F:/DianSai/2021/CarrierWave/CarrierWave.srcs/sources_1/ip/clk_wiz_0/clk_wiz_0.v" into library xil_defaultlib
INFO: [VRFC 10-311] analyzing module clk_wiz_0
INFO: [VRFC 10-2263] Analyzing Verilog file "F:/DianSai/2021/CarrierWave/CarrierWave.srcs/sources_1/new/AD_samp.v" into library xil_defaultlib
INFO: [VRFC 10-311] analyzing module AD_samp
INFO: [VRFC 10-2263] Analyzing Verilog file "F:/DianSai/2021/CarrierWave/CarrierWave.srcs/sources_1/new/FM.v" into library xil_defaultlib
INFO: [VRFC 10-311] analyzing module AM
INFO: [VRFC 10-2263] Analyzing Verilog file "F:/DianSai/2021/CarrierWave/CarrierWave.srcs/sources_1/new/Transmit_top.v" into library xil_defaultlib
INFO: [VRFC 10-311] analyzing module Transmit_top
INFO: [VRFC 10-2263] Analyzing Verilog file "F:/DianSai/2021/CarrierWave/CarrierWave.srcs/sources_1/new/clk_gen.v" into library xil_defaultlib
INFO: [VRFC 10-311] analyzing module clk_gen
INFO: [VRFC 10-2458] undeclared symbol clk_out1, assumed default net type wire [F:/DianSai/2021/CarrierWave/CarrierWave.srcs/sources_1/new/clk_gen.v:33]
INFO: [VRFC 10-2263] Analyzing Verilog file "F:/DianSai/2021/CarrierWave/CarrierWave.srcs/sources_1/new/key_det.v" into library xil_defaultlib
INFO: [VRFC 10-311] analyzing module key_det
INFO: [VRFC 10-2263] Analyzing Verilog file "F:/DianSai/2021/CarrierWave/CarrierWave.srcs/sources_1/new/matrix_key.v" into library xil_defaultlib
INFO: [VRFC 10-311] analyzing module matrix_key
INFO: [VRFC 10-2263] Analyzing Verilog file "F:/DianSai/2021/CarrierWave/CarrierWave.srcs/sources_1/new/seg_led.v" into library xil_defaultlib
INFO: [VRFC 10-311] analyzing module seg_led
INFO: [VRFC 10-2263] Analyzing Verilog file "F:/DianSai/2021/CarrierWave/CarrierWave.srcs/sim_1/new/Transmit_tb.v" into library xil_defaultlib
INFO: [VRFC 10-311] analyzing module Transmit_tb
